Using pre-set license
Built from '2021.3/staging' branch; Version is '2021.3.16f1 (4016570cf34f) revision 4200023'; Using compiler version '192829333'; Build Type 'Release'
OS: 'Windows 10  (10.0.19044) 64bit Professional' Language: 'zh' Physical Memory: 32508 MB
BatchMode: 1, IsHumanControllingUs: 0, StartBugReporterOnCrash: 0, Is64bit: 1, IsPro: 1

COMMAND LINE ARGUMENTS:
C:\Program Files\Unity\Hub\Editor\2021.3.16f1\Editor\Unity.exe
-adb2
-batchMode
-noUpm
-name
AssetImportWorker2
-projectPath
E:/Github/Programming-Theory-Project/Programming Theory Project
-logFile
Logs/AssetImportWorker2.log
-srvPort
8848
Successfully changed project path to: E:/Github/Programming-Theory-Project/Programming Theory Project
E:/Github/Programming-Theory-Project/Programming Theory Project
[UnityMemory] Configuration Parameters - Can be set up in boot.config
    "memorysetup-bucket-allocator-granularity=16"
    "memorysetup-bucket-allocator-bucket-count=8"
    "memorysetup-bucket-allocator-block-size=33554432"
    "memorysetup-bucket-allocator-block-count=8"
    "memorysetup-main-allocator-block-size=16777216"
    "memorysetup-thread-allocator-block-size=16777216"
    "memorysetup-gfx-main-allocator-block-size=16777216"
    "memorysetup-gfx-thread-allocator-block-size=16777216"
    "memorysetup-cache-allocator-block-size=4194304"
    "memorysetup-typetree-allocator-block-size=2097152"
    "memorysetup-profiler-bucket-allocator-granularity=16"
    "memorysetup-profiler-bucket-allocator-bucket-count=8"
    "memorysetup-profiler-bucket-allocator-block-size=33554432"
    "memorysetup-profiler-bucket-allocator-block-count=8"
    "memorysetup-profiler-allocator-block-size=16777216"
    "memorysetup-profiler-editor-allocator-block-size=1048576"
    "memorysetup-temp-allocator-size-main=16777216"
    "memorysetup-job-temp-allocator-block-size=2097152"
    "memorysetup-job-temp-allocator-block-size-background=1048576"
    "memorysetup-job-temp-allocator-reduction-small-platforms=262144"
    "memorysetup-temp-allocator-size-background-worker=32768"
    "memorysetup-temp-allocator-size-job-worker=262144"
    "memorysetup-temp-allocator-size-preload-manager=33554432"
    "memorysetup-temp-allocator-size-nav-mesh-worker=65536"
    "memorysetup-temp-allocator-size-audio-worker=65536"
    "memorysetup-temp-allocator-size-cloud-worker=32768"
    "memorysetup-temp-allocator-size-gi-baking-worker=262144"
    "memorysetup-temp-allocator-size-gfx=262144"
Player connection [53888] Host "[IP] 192.168.2.170 [Port] 0 [Flags] 2 [Guid] 2579723473 [EditorId] 2579723473 [Version] 1048832 [Id] WindowsEditor(7,Administrator) [Debug] 1 [PackageName] WindowsEditor [ProjectName] Editor" joined multi-casting on [225.0.0.222:54997]...

Player connection [53888] Host "[IP] 192.168.2.170 [Port] 0 [Flags] 2 [Guid] 2579723473 [EditorId] 2579723473 [Version] 1048832 [Id] WindowsEditor(7,Administrator) [Debug] 1 [PackageName] WindowsEditor [ProjectName] Editor" joined alternative multi-casting on [225.0.0.222:34997]...

Refreshing native plugins compatible for Editor in 75.58 ms, found 3 plugins.
Preloading 0 native plugins for Editor in 0.00 ms.
Initialize engine version: 2021.3.16f1 (4016570cf34f)
[Subsystems] Discovering subsystems at path C:/Program Files/Unity/Hub/Editor/2021.3.16f1/Editor/Data/Resources/UnitySubsystems
[Subsystems] Discovering subsystems at path E:/Github/Programming-Theory-Project/Programming Theory Project/Assets
GfxDevice: creating device client; threaded=0; jobified=0
Direct3D:
    Version:  Direct3D 11.0 [level 11.1]
    Renderer: NVIDIA GeForce RTX 4090 (ID=0x2684)
    Vendor:   NVIDIA
    VRAM:     24156 MB
    Driver:   31.0.15.3118
Initialize mono
Mono path[0] = 'C:/Program Files/Unity/Hub/Editor/2021.3.16f1/Editor/Data/Managed'
Mono path[1] = 'C:/Program Files/Unity/Hub/Editor/2021.3.16f1/Editor/Data/MonoBleedingEdge/lib/mono/unityjit-win32'
Mono config path = 'C:/Program Files/Unity/Hub/Editor/2021.3.16f1/Editor/Data/MonoBleedingEdge/etc'
Using monoOptions --debugger-agent=transport=dt_socket,embedding=1,server=y,suspend=n,address=127.0.0.1:56100
Begin MonoManager ReloadAssembly
Registering precompiled unity dll's ...
Register platform support module: C:/Program Files/Unity/Hub/Editor/2021.3.16f1/Editor/Data/PlaybackEngines/WebGLSupport/UnityEditor.WebGL.Extensions.dll
Register platform support module: C:/Program Files/Unity/Hub/Editor/2021.3.16f1/Editor/Data/PlaybackEngines/AndroidPlayer/UnityEditor.Android.Extensions.dll
Register platform support module: C:/Program Files/Unity/Hub/Editor/2021.3.16f1/Editor/Data/PlaybackEngines/WindowsStandaloneSupport/UnityEditor.WindowsStandalone.Extensions.dll
Register platform support module: C:/Program Files/Unity/Hub/Editor/2021.3.16f1/Editor/Data/PlaybackEngines/MetroSupport/UnityEditor.UWP.Extensions.dll
Registered in 0.008017 seconds.
Native extension for UWP target not found
Native extension for WindowsStandalone target not found
Native extension for Android target not found
Native extension for WebGL target not found
Refreshing native plugins compatible for Editor in 75.98 ms, found 3 plugins.
Preloading 0 native plugins for Editor in 0.00 ms.
Mono: successfully reloaded assembly
- Completed reload, in  0.531 seconds
Domain Reload Profiling:
	ReloadAssembly (531ms)
		BeginReloadAssembly (35ms)
			ExecutionOrderSort (0ms)
			DisableScriptedObjects (0ms)
			BackupInstance (0ms)
			ReleaseScriptingObjects (0ms)
			CreateAndSetChildDomain (0ms)
		EndReloadAssembly (406ms)
			LoadAssemblies (35ms)
			RebuildTransferFunctionScriptingTraits (0ms)
			SetupTypeCache (87ms)
			ReleaseScriptCaches (0ms)
			RebuildScriptCaches (25ms)
			SetupLoadedEditorAssemblies (249ms)
				LogAssemblyErrors (0ms)
				InitializePlatformSupportModulesInManaged (50ms)
				SetLoadedEditorAssemblies (0ms)
				RefreshPlugins (76ms)
				BeforeProcessingInitializeOnLoad (1ms)
				ProcessInitializeOnLoadAttributes (86ms)
				ProcessInitializeOnLoadMethodAttributes (36ms)
				AfterProcessingInitializeOnLoad (0ms)
				EditorAssembliesLoaded (0ms)
			ExecutionOrderSort2 (0ms)
			AwakeInstancesAfterBackupRestoration (0ms)
Platform modules already initialized, skipping
Registering precompiled user dll's ...
Registered in 0.003306 seconds.
Begin MonoManager ReloadAssembly
Symbol file LoadedFromMemory doesn't match image E:\Github\Programming-Theory-Project\Programming Theory Project\Library\PackageCache\com.unity.visualscripting@1.7.8\Editor\VisualScripting.Core\Dependencies\YamlDotNet\Unity.VisualScripting.YamlDotNet.dll
Symbol file LoadedFromMemory doesn't match image E:\Github\Programming-Theory-Project\Programming Theory Project\Library\PackageCache\com.unity.visualscripting@1.7.8\Editor\VisualScripting.Core\Dependencies\DotNetZip\Unity.VisualScripting.IonicZip.dll
Native extension for UWP target not found
Native extension for WindowsStandalone target not found
Native extension for Android target not found
Native extension for WebGL target not found
Refreshing native plugins compatible for Editor in 0.64 ms, found 3 plugins.
Preloading 0 native plugins for Editor in 0.00 ms.
Mono: successfully reloaded assembly
- Completed reload, in  0.987 seconds
Domain Reload Profiling:
	ReloadAssembly (988ms)
		BeginReloadAssembly (185ms)
			ExecutionOrderSort (0ms)
			DisableScriptedObjects (5ms)
			BackupInstance (0ms)
			ReleaseScriptingObjects (0ms)
			CreateAndSetChildDomain (129ms)
		EndReloadAssembly (709ms)
			LoadAssemblies (52ms)
			RebuildTransferFunctionScriptingTraits (0ms)
			SetupTypeCache (223ms)
			ReleaseScriptCaches (0ms)
			RebuildScriptCaches (49ms)
			SetupLoadedEditorAssemblies (331ms)
				LogAssemblyErrors (0ms)
				InitializePlatformSupportModulesInManaged (15ms)
				SetLoadedEditorAssemblies (0ms)
				RefreshPlugins (1ms)
				BeforeProcessingInitializeOnLoad (93ms)
				ProcessInitializeOnLoadAttributes (195ms)
				ProcessInitializeOnLoadMethodAttributes (21ms)
				AfterProcessingInitializeOnLoad (6ms)
				EditorAssembliesLoaded (0ms)
			ExecutionOrderSort2 (0ms)
			AwakeInstancesAfterBackupRestoration (4ms)
Platform modules already initialized, skipping
========================================================================
Worker process is ready to serve import requests
Launched and connected shader compiler UnityShaderCompiler.exe after 0.04 seconds
Refreshing native plugins compatible for Editor in 0.37 ms, found 3 plugins.
Preloading 0 native plugins for Editor in 0.00 ms.
Unloading 3376 Unused Serialized files (Serialized files now loaded: 0)
Unloading 27 unused Assets / (113.5 KB). Loaded Objects now: 3836.
Memory consumption went from 122.4 MB to 122.3 MB.
Total: 1.700200 ms (FindLiveObjects: 0.141400 ms CreateObjectMapping: 0.050500 ms MarkObjects: 1.437900 ms  DeleteObjects: 0.069900 ms)

AssetImportParameters requested are different than current active one (requested -> active):
  custom:video-decoder-ogg-theora: a1e56fd34408186e4bbccfd4996cb3dc -> 
  custom:container-muxer-webm: aa71ff27fc2769a1b78a27578f13a17b -> 
  custom:container-demuxer-webm: 4f35f7cbe854078d1ac9338744f61a02 -> 
  custom:video-encoder-webm-vp8: eb34c28f22e8b96e1ab97ce403110664 -> 
  custom:audio-encoder-webm-vorbis: bf7c407c2cedff20999df2af8eb42d56 -> 
  custom:framework-win-MediaFoundation: 216162199b28c13a410421893ffa2e32 -> 
  custom:container-demuxer-ogg: 62fdf1f143b41e24485cea50d1cbac27 -> 
  custom:video-decoder-webm-vp8: 9c59270c3fd7afecdb556c50c9e8de78 -> 
  custom:audio-decoder-ogg-vorbis: bf7c407c2cedff20999df2af8eb42d56 -> 
========================================================================
Received Import Request.
  Time since last request: 1823186.847045 seconds.
  path: Assets/Flat Textures Pack/Demo
  artifactKey: Guid(55080760470e33b48b7a68558ba0c3c7) Importer(815301076,1909f56bfc062723c751e8b465ee728b)
Start importing Assets/Flat Textures Pack/Demo using Guid(55080760470e33b48b7a68558ba0c3c7) Importer(815301076,1909f56bfc062723c751e8b465ee728b)  -> (artifact id: 'b1f8f5da174ad6d064041637b7f48332') in 0.008916 seconds 
========================================================================
Received Import Request.
  Time since last request: 1.075909 seconds.
  path: Assets/Flat Textures Pack/Demo/Demo.unity
  artifactKey: Guid(06cf4310cd8d04c42bdbc2ef63dd2827) Importer(815301076,1909f56bfc062723c751e8b465ee728b)
Start importing Assets/Flat Textures Pack/Demo/Demo.unity using Guid(06cf4310cd8d04c42bdbc2ef63dd2827) Importer(815301076,1909f56bfc062723c751e8b465ee728b)  -> (artifact id: 'e2c478d9858905b825f823e2dd39bb91') in 0.003249 seconds 
========================================================================
Received Import Request.
  Time since last request: 0.556384 seconds.
  path: Assets/Flat Textures Pack/Demo/DemoSettings.lighting
  artifactKey: Guid(7af963e86d2622f468db755630328f32) Importer(815301076,1909f56bfc062723c751e8b465ee728b)
Start importing Assets/Flat Textures Pack/Demo/DemoSettings.lighting using Guid(7af963e86d2622f468db755630328f32) Importer(815301076,1909f56bfc062723c751e8b465ee728b) LightingSettings: switching bake backend from 1 to 0.
 -> (artifact id: 'fb18aab75398db7384b5a58049e9d285') in 0.029449 seconds 
========================================================================
Received Prepare
Registering precompiled user dll's ...
Registered in 0.003112 seconds.
Begin MonoManager ReloadAssembly
Symbol file LoadedFromMemory doesn't match image E:\Github\Programming-Theory-Project\Programming Theory Project\Library\PackageCache\com.unity.visualscripting@1.7.8\Editor\VisualScripting.Core\Dependencies\YamlDotNet\Unity.VisualScripting.YamlDotNet.dll
Symbol file LoadedFromMemory doesn't match image E:\Github\Programming-Theory-Project\Programming Theory Project\Library\PackageCache\com.unity.visualscripting@1.7.8\Editor\VisualScripting.Core\Dependencies\DotNetZip\Unity.VisualScripting.IonicZip.dll
Native extension for UWP target not found
Native extension for WindowsStandalone target not found
Native extension for Android target not found
Native extension for WebGL target not found
Refreshing native plugins compatible for Editor in 0.64 ms, found 3 plugins.
Preloading 0 native plugins for Editor in 0.00 ms.
Mono: successfully reloaded assembly
- Completed reload, in  0.843 seconds
Domain Reload Profiling:
	ReloadAssembly (843ms)
		BeginReloadAssembly (120ms)
			ExecutionOrderSort (0ms)
			DisableScriptedObjects (5ms)
			BackupInstance (0ms)
			ReleaseScriptingObjects (0ms)
			CreateAndSetChildDomain (34ms)
		EndReloadAssembly (643ms)
			LoadAssemblies (72ms)
			RebuildTransferFunctionScriptingTraits (0ms)
			SetupTypeCache (210ms)
			ReleaseScriptCaches (1ms)
			RebuildScriptCaches (37ms)
			SetupLoadedEditorAssemblies (292ms)
				LogAssemblyErrors (0ms)
				InitializePlatformSupportModulesInManaged (21ms)
				SetLoadedEditorAssemblies (0ms)
				RefreshPlugins (1ms)
				BeforeProcessingInitializeOnLoad (71ms)
				ProcessInitializeOnLoadAttributes (173ms)
				ProcessInitializeOnLoadMethodAttributes (20ms)
				AfterProcessingInitializeOnLoad (6ms)
				EditorAssembliesLoaded (0ms)
			ExecutionOrderSort2 (0ms)
			AwakeInstancesAfterBackupRestoration (5ms)
Platform modules already initialized, skipping
Refreshing native plugins compatible for Editor in 1.67 ms, found 3 plugins.
Preloading 0 native plugins for Editor in 0.00 ms.
Unloading 3358 Unused Serialized files (Serialized files now loaded: 0)
Unloading 20 unused Assets / (80.1 KB). Loaded Objects now: 3840.
Memory consumption went from 120.9 MB to 120.9 MB.
Total: 2.446800 ms (FindLiveObjects: 0.221200 ms CreateObjectMapping: 0.063900 ms MarkObjects: 2.085800 ms  DeleteObjects: 0.075000 ms)

AssetImportParameters requested are different than current active one (requested -> active):
  custom:video-decoder-ogg-theora: a1e56fd34408186e4bbccfd4996cb3dc -> 
  custom:container-muxer-webm: aa71ff27fc2769a1b78a27578f13a17b -> 
  custom:container-demuxer-webm: 4f35f7cbe854078d1ac9338744f61a02 -> 
  custom:video-encoder-webm-vp8: eb34c28f22e8b96e1ab97ce403110664 -> 
  custom:audio-encoder-webm-vorbis: bf7c407c2cedff20999df2af8eb42d56 -> 
  custom:framework-win-MediaFoundation: 216162199b28c13a410421893ffa2e32 -> 
  custom:container-demuxer-ogg: 62fdf1f143b41e24485cea50d1cbac27 -> 
  custom:video-decoder-webm-vp8: 9c59270c3fd7afecdb556c50c9e8de78 -> 
  custom:audio-decoder-ogg-vorbis: bf7c407c2cedff20999df2af8eb42d56 -> 
========================================================================
Received Import Request.
  Time since last request: 45.772396 seconds.
  path: Assets/Flat Textures Pack/Materials/Cave_Bush.mat
  artifactKey: Guid(e9626647ac5db254d9e870edcdfd343b) Importer(815301076,1909f56bfc062723c751e8b465ee728b)
Start importing Assets/Flat Textures Pack/Materials/Cave_Bush.mat using Guid(e9626647ac5db254d9e870edcdfd343b) Importer(815301076,1909f56bfc062723c751e8b465ee728b)  -> (artifact id: '6aa23c716b683d2e575e3dd9bbf50e4f') in 0.130279 seconds 
========================================================================
Received Import Request.
  Time since last request: 0.000014 seconds.
  path: Assets/Flat Textures Pack/Materials/Summer_Grass_A.mat
  artifactKey: Guid(fe40329174e9720479ab77410cc459ab) Importer(815301076,1909f56bfc062723c751e8b465ee728b)
Start importing Assets/Flat Textures Pack/Materials/Summer_Grass_A.mat using Guid(fe40329174e9720479ab77410cc459ab) Importer(815301076,1909f56bfc062723c751e8b465ee728b)  -> (artifact id: '66083d8e50da47185a4cf27b330108b4') in 0.013581 seconds 
========================================================================
Received Import Request.
  Time since last request: 0.000022 seconds.
  path: Assets/Flat Textures Pack/Materials/Water_A.mat
  artifactKey: Guid(09b830498de6c894ead635fafa7d6b81) Importer(815301076,1909f56bfc062723c751e8b465ee728b)
Start importing Assets/Flat Textures Pack/Materials/Water_A.mat using Guid(09b830498de6c894ead635fafa7d6b81) Importer(815301076,1909f56bfc062723c751e8b465ee728b)  -> (artifact id: '8736618f64b3d29e57fc76fd8c0ef398') in 0.012777 seconds 
========================================================================
Received Import Request.
  Time since last request: 0.000012 seconds.
  path: Assets/Flat Textures Pack/Materials/Winter_Roots.mat
  artifactKey: Guid(5c02dae6770af354d97ceaacb0dcfaa3) Importer(815301076,1909f56bfc062723c751e8b465ee728b)
Start importing Assets/Flat Textures Pack/Materials/Winter_Roots.mat using Guid(5c02dae6770af354d97ceaacb0dcfaa3) Importer(815301076,1909f56bfc062723c751e8b465ee728b)  -> (artifact id: 'cf2632e5a5b094eb8da0055d1619932d') in 0.012052 seconds 
========================================================================
Received Import Request.
  Time since last request: 0.000015 seconds.
  path: Assets/Flat Textures Pack/Materials/Water_B.mat
  artifactKey: Guid(077530e0b0a9273408ae4d17c1a1af03) Importer(815301076,1909f56bfc062723c751e8b465ee728b)
Start importing Assets/Flat Textures Pack/Materials/Water_B.mat using Guid(077530e0b0a9273408ae4d17c1a1af03) Importer(815301076,1909f56bfc062723c751e8b465ee728b)  -> (artifact id: '466e6657ab3fcbe50b61b671686917c6') in 0.013935 seconds 
========================================================================
Received Import Request.
  Time since last request: 0.000018 seconds.
  path: Assets/Flat Textures Pack/Materials/Forest_RiverPebbles.mat
  artifactKey: Guid(33edbb19ee29c624ab5c9184c95c5f2b) Importer(815301076,1909f56bfc062723c751e8b465ee728b)
Start importing Assets/Flat Textures Pack/Materials/Forest_RiverPebbles.mat using Guid(33edbb19ee29c624ab5c9184c95c5f2b) Importer(815301076,1909f56bfc062723c751e8b465ee728b)  -> (artifact id: '7123f0c1f373ee2fae52d861d1c05595') in 0.012243 seconds 
========================================================================
Received Import Request.
  Time since last request: 0.000017 seconds.
  path: Assets/Flat Textures Pack/Materials/Summer_Flowers.mat
  artifactKey: Guid(82b3a75aca7ed6f4abe443d8019d9ddb) Importer(815301076,1909f56bfc062723c751e8b465ee728b)
Start importing Assets/Flat Textures Pack/Materials/Summer_Flowers.mat using Guid(82b3a75aca7ed6f4abe443d8019d9ddb) Importer(815301076,1909f56bfc062723c751e8b465ee728b)  -> (artifact id: 'b40f4fab8e5ee054ea2e0f72e61bb261') in 0.013417 seconds 
========================================================================
Received Import Request.
  Time since last request: 0.000020 seconds.
  path: Assets/Flat Textures Pack/Materials/Winter_FrozenGround.mat
  artifactKey: Guid(5fb072cb6bfc5e343be27f17187cefae) Importer(815301076,1909f56bfc062723c751e8b465ee728b)
Start importing Assets/Flat Textures Pack/Materials/Winter_FrozenGround.mat using Guid(5fb072cb6bfc5e343be27f17187cefae) Importer(815301076,1909f56bfc062723c751e8b465ee728b)  -> (artifact id: 'ae07ab69ce216814d4888d6d22ef74d9') in 0.014756 seconds 
========================================================================
Received Import Request.
  Time since last request: 0.000018 seconds.
  path: Assets/Flat Textures Pack/Materials/Cave_Crystal_A.mat
  artifactKey: Guid(fb8cc1d727af6e14ab2449668683f343) Importer(815301076,1909f56bfc062723c751e8b465ee728b)
Start importing Assets/Flat Textures Pack/Materials/Cave_Crystal_A.mat using Guid(fb8cc1d727af6e14ab2449668683f343) Importer(815301076,1909f56bfc062723c751e8b465ee728b)  -> (artifact id: 'd417f681259978cb75203ceadbcc4120') in 0.013546 seconds 
========================================================================
Received Import Request.
  Time since last request: 0.000018 seconds.
  path: Assets/Flat Textures Pack/Materials/Winter_Moss.mat
  artifactKey: Guid(d02623c81a030044cacb865f4ee28bd7) Importer(815301076,1909f56bfc062723c751e8b465ee728b)
Start importing Assets/Flat Textures Pack/Materials/Winter_Moss.mat using Guid(d02623c81a030044cacb865f4ee28bd7) Importer(815301076,1909f56bfc062723c751e8b465ee728b)  -> (artifact id: '270ba5bec1313a290b6871fcf0a8538c') in 0.013690 seconds 
========================================================================
Received Import Request.
  Time since last request: 0.000022 seconds.
  path: Assets/Flat Textures Pack/Materials/WInter_Snow_Rocks.mat
  artifactKey: Guid(a080f7b6b977d1d478336b9f12f52fdd) Importer(815301076,1909f56bfc062723c751e8b465ee728b)
Start importing Assets/Flat Textures Pack/Materials/WInter_Snow_Rocks.mat using Guid(a080f7b6b977d1d478336b9f12f52fdd) Importer(815301076,1909f56bfc062723c751e8b465ee728b)  -> (artifact id: 'cada141460e0a5db352770396a317c47') in 0.011306 seconds 
========================================================================
Received Import Request.
  Time since last request: 0.000016 seconds.
  path: Assets/Flat Textures Pack/Materials/Cave_Magma.mat
  artifactKey: Guid(520938bf13624b04fb159c3db7351aca) Importer(815301076,1909f56bfc062723c751e8b465ee728b)
Start importing Assets/Flat Textures Pack/Materials/Cave_Magma.mat using Guid(520938bf13624b04fb159c3db7351aca) Importer(815301076,1909f56bfc062723c751e8b465ee728b)  -> (artifact id: 'c9f5a425bd74f58e5608be5cd3ce11ae') in 0.014918 seconds 
========================================================================
Received Import Request.
  Time since last request: 0.000017 seconds.
  path: Assets/Flat Textures Pack/Materials/Winter_Snow_B.mat
  artifactKey: Guid(00494841d457c5e40beb347b6483f7c9) Importer(815301076,1909f56bfc062723c751e8b465ee728b)
Start importing Assets/Flat Textures Pack/Materials/Winter_Snow_B.mat using Guid(00494841d457c5e40beb347b6483f7c9) Importer(815301076,1909f56bfc062723c751e8b465ee728b)  -> (artifact id: 'a39e51d510052a7f762a2ca398f8d602') in 0.012829 seconds 
========================================================================
Received Import Request.
  Time since last request: 0.000022 seconds.
  path: Assets/Flat Textures Pack/Materials/Winter_ce_Cracked_B.mat
  artifactKey: Guid(082b415688deccc41961d7655a19de0c) Importer(815301076,1909f56bfc062723c751e8b465ee728b)
Start importing Assets/Flat Textures Pack/Materials/Winter_ce_Cracked_B.mat using Guid(082b415688deccc41961d7655a19de0c) Importer(815301076,1909f56bfc062723c751e8b465ee728b)  -> (artifact id: '0cb9da7acfb76bfbaf6dc23c1fb888d2') in 0.011091 seconds 
========================================================================
Received Import Request.
  Time since last request: 0.000018 seconds.
  path: Assets/Flat Textures Pack/Materials/Cave_LavaRocks_A.mat
  artifactKey: Guid(f4dcba098a2788048a77363897d1a6b6) Importer(815301076,1909f56bfc062723c751e8b465ee728b)
Start importing Assets/Flat Textures Pack/Materials/Cave_LavaRocks_A.mat using Guid(f4dcba098a2788048a77363897d1a6b6) Importer(815301076,1909f56bfc062723c751e8b465ee728b)  -> (artifact id: '3169471244261a5722ecaa76cc2b19c4') in 0.010902 seconds 
========================================================================
Received Import Request.
  Time since last request: 0.000018 seconds.
  path: Assets/Flat Textures Pack/Materials/Winter_IceCave.mat
  artifactKey: Guid(9b56e06f8d3f8584597ec8a11bd1f200) Importer(815301076,1909f56bfc062723c751e8b465ee728b)
Start importing Assets/Flat Textures Pack/Materials/Winter_IceCave.mat using Guid(9b56e06f8d3f8584597ec8a11bd1f200) Importer(815301076,1909f56bfc062723c751e8b465ee728b)  -> (artifact id: 'a4f8c9f6314eb8376521b675d7d7479d') in 0.013279 seconds 
========================================================================
Received Import Request.
  Time since last request: 0.000026 seconds.
  path: Assets/Flat Textures Pack/Materials/Summer_Roses.mat
  artifactKey: Guid(363270fb71ae7aa45ac7c91408bbe012) Importer(815301076,1909f56bfc062723c751e8b465ee728b)
Start importing Assets/Flat Textures Pack/Materials/Summer_Roses.mat using Guid(363270fb71ae7aa45ac7c91408bbe012) Importer(815301076,1909f56bfc062723c751e8b465ee728b)  -> (artifact id: '68cf21225b60614a74c657aaf282a310') in 0.012766 seconds 
========================================================================
Received Import Request.
  Time since last request: 0.000014 seconds.
  path: Assets/Flat Textures Pack/Materials/Desert_Tiles.mat
  artifactKey: Guid(0420eef65a9103241abca4e53c4d74bb) Importer(815301076,1909f56bfc062723c751e8b465ee728b)
Start importing Assets/Flat Textures Pack/Materials/Desert_Tiles.mat using Guid(0420eef65a9103241abca4e53c4d74bb) Importer(815301076,1909f56bfc062723c751e8b465ee728b)  -> (artifact id: '7acc88a7394d39cfff1c2fd5811c6828') in 0.013392 seconds 
========================================================================
Received Import Request.
  Time since last request: 0.000016 seconds.
  path: Assets/Flat Textures Pack/Materials/Winter_IceCliff.mat
  artifactKey: Guid(41b973d990ff1c748a4f9a7c29998342) Importer(815301076,1909f56bfc062723c751e8b465ee728b)
Start importing Assets/Flat Textures Pack/Materials/Winter_IceCliff.mat using Guid(41b973d990ff1c748a4f9a7c29998342) Importer(815301076,1909f56bfc062723c751e8b465ee728b)  -> (artifact id: 'afdfc1f4708bd048a79f2ccc119f4396') in 0.014346 seconds 
========================================================================
Received Import Request.
  Time since last request: 0.000017 seconds.
  path: Assets/Flat Textures Pack/Materials/Summer_Roots.mat
  artifactKey: Guid(2a81fb5b4c7ffd34a86add061bd2f815) Importer(815301076,1909f56bfc062723c751e8b465ee728b)
Start importing Assets/Flat Textures Pack/Materials/Summer_Roots.mat using Guid(2a81fb5b4c7ffd34a86add061bd2f815) Importer(815301076,1909f56bfc062723c751e8b465ee728b)  -> (artifact id: '8742d645af15a483c04ce2412e01cc63') in 0.013531 seconds 
========================================================================
Received Import Request.
  Time since last request: 0.000015 seconds.
  path: Assets/Flat Textures Pack/Materials/Summer_Mud_A.mat
  artifactKey: Guid(a272687875e64684daa5f944e711872d) Importer(815301076,1909f56bfc062723c751e8b465ee728b)
Start importing Assets/Flat Textures Pack/Materials/Summer_Mud_A.mat using Guid(a272687875e64684daa5f944e711872d) Importer(815301076,1909f56bfc062723c751e8b465ee728b)  -> (artifact id: 'aa4177681c32b9e7feb9b258550259c8') in 0.012898 seconds 
========================================================================
Received Import Request.
  Time since last request: 0.000018 seconds.
  path: Assets/Flat Textures Pack/Materials/Summer_ForestRoad.mat
  artifactKey: Guid(55d9b8c647ad2ba4899329faec1273da) Importer(815301076,1909f56bfc062723c751e8b465ee728b)
Start importing Assets/Flat Textures Pack/Materials/Summer_ForestRoad.mat using Guid(55d9b8c647ad2ba4899329faec1273da) Importer(815301076,1909f56bfc062723c751e8b465ee728b)  -> (artifact id: '99f34b0c310b0bffdec6a954d5c2014c') in 0.012332 seconds 
========================================================================
Received Import Request.
  Time since last request: 0.000018 seconds.
  path: Assets/Flat Textures Pack/Materials/Desert_Sand.mat
  artifactKey: Guid(3b85b3f360cf9ec43bec0706d0a03147) Importer(815301076,1909f56bfc062723c751e8b465ee728b)
Start importing Assets/Flat Textures Pack/Materials/Desert_Sand.mat using Guid(3b85b3f360cf9ec43bec0706d0a03147) Importer(815301076,1909f56bfc062723c751e8b465ee728b)  -> (artifact id: 'a70c605f6a32020cc73f96eebb54c6e9') in 0.021349 seconds 
========================================================================
Received Import Request.
  Time since last request: 0.000019 seconds.
  path: Assets/Flat Textures Pack/Materials/Desert_CracedMud.mat
  artifactKey: Guid(9c499f1f265a28748a3f4ccecb05c8c8) Importer(815301076,1909f56bfc062723c751e8b465ee728b)
Start importing Assets/Flat Textures Pack/Materials/Desert_CracedMud.mat using Guid(9c499f1f265a28748a3f4ccecb05c8c8) Importer(815301076,1909f56bfc062723c751e8b465ee728b)  -> (artifact id: '1452fb8bd855a4406eb607dd84f7d37a') in 0.012840 seconds 
========================================================================
Received Import Request.
  Time since last request: 0.000021 seconds.
  path: Assets/Flat Textures Pack/Materials/Winter_Bush.mat
  artifactKey: Guid(1f8f706c4245d5b49a36d8e449469de6) Importer(815301076,1909f56bfc062723c751e8b465ee728b)
Start importing Assets/Flat Textures Pack/Materials/Winter_Bush.mat using Guid(1f8f706c4245d5b49a36d8e449469de6) Importer(815301076,1909f56bfc062723c751e8b465ee728b)  -> (artifact id: '2bcf4d5ce97a02b6d00a16471d3e50a2') in 0.014670 seconds 
========================================================================
Received Import Request.
  Time since last request: 0.395989 seconds.
  path: Assets/Flat Textures Pack/Textures/Cave_Bush.png
  artifactKey: Guid(f66cf91fe79cffe4bbe6a155e61e4bb7) Importer(815301076,1909f56bfc062723c751e8b465ee728b)
Start importing Assets/Flat Textures Pack/Textures/Cave_Bush.png using Guid(f66cf91fe79cffe4bbe6a155e61e4bb7) Importer(815301076,1909f56bfc062723c751e8b465ee728b)  -> (artifact id: 'c17fce72237581ebed58883d66b84d46') in 0.041173 seconds 
========================================================================
Received Import Request.
  Time since last request: 0.000015 seconds.
  path: Assets/Flat Textures Pack/Textures/Cave_Crystal_A.png
  artifactKey: Guid(44574b134f468f746bb51c8099e9fddf) Importer(815301076,1909f56bfc062723c751e8b465ee728b)
Start importing Assets/Flat Textures Pack/Textures/Cave_Crystal_A.png using Guid(44574b134f468f746bb51c8099e9fddf) Importer(815301076,1909f56bfc062723c751e8b465ee728b)  -> (artifact id: 'f48b8e9dae0cb353544c471bb0c4eb3e') in 0.009210 seconds 
========================================================================
Received Import Request.
  Time since last request: 0.000018 seconds.
  path: Assets/Flat Textures Pack/Textures/Winter_Hardsnow.png
  artifactKey: Guid(fe04479d93e6897438d3c2856a88b89e) Importer(815301076,1909f56bfc062723c751e8b465ee728b)
Start importing Assets/Flat Textures Pack/Textures/Winter_Hardsnow.png using Guid(fe04479d93e6897438d3c2856a88b89e) Importer(815301076,1909f56bfc062723c751e8b465ee728b)  -> (artifact id: '78465cbeb74cc8b6ace375f53a65d0ba') in 0.009380 seconds 
========================================================================
Received Import Request.
  Time since last request: 0.000024 seconds.
  path: Assets/Flat Textures Pack/Textures/Summer_Rocks.png
  artifactKey: Guid(fb4c9126ed8df1140868be39f7d0b4bb) Importer(815301076,1909f56bfc062723c751e8b465ee728b)
Start importing Assets/Flat Textures Pack/Textures/Summer_Rocks.png using Guid(fb4c9126ed8df1140868be39f7d0b4bb) Importer(815301076,1909f56bfc062723c751e8b465ee728b)  -> (artifact id: '507803cdc2b75a746072c8c91a4ca9ad') in 0.008011 seconds 
========================================================================
Received Import Request.
  Time since last request: 0.000016 seconds.
  path: Assets/Flat Textures Pack/Textures/Summer_Flowers.png
  artifactKey: Guid(0d0a4eda378924a488fc68a509785635) Importer(815301076,1909f56bfc062723c751e8b465ee728b)
Start importing Assets/Flat Textures Pack/Textures/Summer_Flowers.png using Guid(0d0a4eda378924a488fc68a509785635) Importer(815301076,1909f56bfc062723c751e8b465ee728b)  -> (artifact id: '18e642bee79a3011faf8231893dd4171') in 0.009122 seconds 
========================================================================
Received Import Request.
  Time since last request: 0.000017 seconds.
  path: Assets/Flat Textures Pack/Textures/WInter_Snow_Rocks.png
  artifactKey: Guid(f4a36263be3bcb547881e084946baece) Importer(815301076,1909f56bfc062723c751e8b465ee728b)
Start importing Assets/Flat Textures Pack/Textures/WInter_Snow_Rocks.png using Guid(f4a36263be3bcb547881e084946baece) Importer(815301076,1909f56bfc062723c751e8b465ee728b)  -> (artifact id: '16747e3b8e9c061411461aa164c3df15') in 0.008214 seconds 
========================================================================
Received Import Request.
  Time since last request: 0.000019 seconds.
  path: Assets/Flat Textures Pack/Textures/Cave_GoldenPebbles.png
  artifactKey: Guid(e63e6b5575cf91b4883ed33d002c8606) Importer(815301076,1909f56bfc062723c751e8b465ee728b)
Start importing Assets/Flat Textures Pack/Textures/Cave_GoldenPebbles.png using Guid(e63e6b5575cf91b4883ed33d002c8606) Importer(815301076,1909f56bfc062723c751e8b465ee728b)  -> (artifact id: '8e2a94b0d1db0432fa12fe2b5025433a') in 0.009281 seconds 
========================================================================
Received Import Request.
  Time since last request: 0.000018 seconds.
  path: Assets/Flat Textures Pack/Textures/Winter_Spores.png
  artifactKey: Guid(59569d2ed7e8b7047be6fb0008e4f048) Importer(815301076,1909f56bfc062723c751e8b465ee728b)
Start importing Assets/Flat Textures Pack/Textures/Winter_Spores.png using Guid(59569d2ed7e8b7047be6fb0008e4f048) Importer(815301076,1909f56bfc062723c751e8b465ee728b)  -> (artifact id: '98de56ba6037a70ed74413410107287b') in 0.009205 seconds 
========================================================================
Received Import Request.
  Time since last request: 0.000015 seconds.
  path: Assets/Flat Textures Pack/Textures/Summer_Mud_B.png
  artifactKey: Guid(12cde8a4716b7ba4198829c1cede3e17) Importer(815301076,1909f56bfc062723c751e8b465ee728b)
Start importing Assets/Flat Textures Pack/Textures/Summer_Mud_B.png using Guid(12cde8a4716b7ba4198829c1cede3e17) Importer(815301076,1909f56bfc062723c751e8b465ee728b)  -> (artifact id: '2e6ee207db498438945e206a79ef916f') in 0.008559 seconds 
========================================================================
Received Import Request.
  Time since last request: 0.000016 seconds.
  path: Assets/Flat Textures Pack/Textures/Water_C.png
  artifactKey: Guid(ce394c0285519a34789bd1bf7495d077) Importer(815301076,1909f56bfc062723c751e8b465ee728b)
Start importing Assets/Flat Textures Pack/Textures/Water_C.png using Guid(ce394c0285519a34789bd1bf7495d077) Importer(815301076,1909f56bfc062723c751e8b465ee728b)  -> (artifact id: '99a4d7cb896592031972eb61cf2f9d6d') in 0.008801 seconds 
========================================================================
Received Import Request.
  Time since last request: 0.000018 seconds.
  path: Assets/Flat Textures Pack/Textures/Winter_Ice_Cracked_A.png
  artifactKey: Guid(8cba0a30a7bd0b0439ceea078f02eeef) Importer(815301076,1909f56bfc062723c751e8b465ee728b)
Start importing Assets/Flat Textures Pack/Textures/Winter_Ice_Cracked_A.png using Guid(8cba0a30a7bd0b0439ceea078f02eeef) Importer(815301076,1909f56bfc062723c751e8b465ee728b)  -> (artifact id: 'c0f3e826fb1235cb6d28cff81315f2f9') in 0.009351 seconds 
========================================================================
Received Import Request.
  Time since last request: 0.000017 seconds.
  path: Assets/Flat Textures Pack/Textures/Winter_Moss.png
  artifactKey: Guid(df43085a593068e4a8a5f9b8bfce1e8e) Importer(815301076,1909f56bfc062723c751e8b465ee728b)
Start importing Assets/Flat Textures Pack/Textures/Winter_Moss.png using Guid(df43085a593068e4a8a5f9b8bfce1e8e) Importer(815301076,1909f56bfc062723c751e8b465ee728b)  -> (artifact id: '2a943ea4d398960045589c9fcfbe433d') in 0.012033 seconds 
========================================================================
Received Import Request.
  Time since last request: 0.000018 seconds.
  path: Assets/Flat Textures Pack/Textures/Winter_ChunkyIce.png
  artifactKey: Guid(5dcef4630307f1f468484c2e9d67cf30) Importer(815301076,1909f56bfc062723c751e8b465ee728b)
Start importing Assets/Flat Textures Pack/Textures/Winter_ChunkyIce.png using Guid(5dcef4630307f1f468484c2e9d67cf30) Importer(815301076,1909f56bfc062723c751e8b465ee728b)  -> (artifact id: '17f0942029c14417123377084c1ec03d') in 0.008493 seconds 
========================================================================
Received Import Request.
  Time since last request: 0.000016 seconds.
  path: Assets/Flat Textures Pack/Textures/Summer_Wall.png
  artifactKey: Guid(b6729a0d44c32e94a9e0ead2606f79a2) Importer(815301076,1909f56bfc062723c751e8b465ee728b)
Start importing Assets/Flat Textures Pack/Textures/Summer_Wall.png using Guid(b6729a0d44c32e94a9e0ead2606f79a2) Importer(815301076,1909f56bfc062723c751e8b465ee728b)  -> (artifact id: '950bff468300a0203466bbbeb678e060') in 0.008548 seconds 
========================================================================
Received Import Request.
  Time since last request: 0.000016 seconds.
  path: Assets/Flat Textures Pack/Textures/Winter_FrozenGround.png
  artifactKey: Guid(e2acd3ed2fb446544a34b648341c93fd) Importer(815301076,1909f56bfc062723c751e8b465ee728b)
Start importing Assets/Flat Textures Pack/Textures/Winter_FrozenGround.png using Guid(e2acd3ed2fb446544a34b648341c93fd) Importer(815301076,1909f56bfc062723c751e8b465ee728b)  -> (artifact id: '821687ed4ca8f5a9d461789a4c5d5412') in 0.008826 seconds 
========================================================================
Received Import Request.
  Time since last request: 0.000017 seconds.
  path: Assets/Flat Textures Pack/Textures/Winter_Roots.png
  artifactKey: Guid(ee21d21f61e8ae747979d6c7242ab8f9) Importer(815301076,1909f56bfc062723c751e8b465ee728b)
Start importing Assets/Flat Textures Pack/Textures/Winter_Roots.png using Guid(ee21d21f61e8ae747979d6c7242ab8f9) Importer(815301076,1909f56bfc062723c751e8b465ee728b)  -> (artifact id: '859f66687680b19d10bd76f4bbd010bd') in 0.009366 seconds 
========================================================================
Received Import Request.
  Time since last request: 0.000017 seconds.
  path: Assets/Flat Textures Pack/Textures/Winter_Flower.png
  artifactKey: Guid(cc7b23b24df12264a97f682f65915163) Importer(815301076,1909f56bfc062723c751e8b465ee728b)
Start importing Assets/Flat Textures Pack/Textures/Winter_Flower.png using Guid(cc7b23b24df12264a97f682f65915163) Importer(815301076,1909f56bfc062723c751e8b465ee728b)  -> (artifact id: '2309ce96a7429a79e0125609aa9c057f') in 0.009685 seconds 
========================================================================
Received Import Request.
  Time since last request: 0.000015 seconds.
  path: Assets/Flat Textures Pack/Textures/Water_A.png
  artifactKey: Guid(1946cf558a9d27644a68c2e335ae6df7) Importer(815301076,1909f56bfc062723c751e8b465ee728b)
Start importing Assets/Flat Textures Pack/Textures/Water_A.png using Guid(1946cf558a9d27644a68c2e335ae6df7) Importer(815301076,1909f56bfc062723c751e8b465ee728b)  -> (artifact id: '69c45111ebae8b6b9fe6f6d341892f60') in 0.009172 seconds 
========================================================================
Received Import Request.
  Time since last request: 0.000017 seconds.
  path: Assets/Flat Textures Pack/Textures/Desert_Sand_A.png
  artifactKey: Guid(8970d1266546d104d9e26a1a97f2c74f) Importer(815301076,1909f56bfc062723c751e8b465ee728b)
Start importing Assets/Flat Textures Pack/Textures/Desert_Sand_A.png using Guid(8970d1266546d104d9e26a1a97f2c74f) Importer(815301076,1909f56bfc062723c751e8b465ee728b)  -> (artifact id: '8abd90605db1f619c1896ed59d0a94c9') in 0.007991 seconds 
========================================================================
Received Import Request.
  Time since last request: 0.000017 seconds.
  path: Assets/Flat Textures Pack/Textures/Summer_ForestRoad.png
  artifactKey: Guid(5ba259208ad985146a301e08de183a3f) Importer(815301076,1909f56bfc062723c751e8b465ee728b)
Start importing Assets/Flat Textures Pack/Textures/Summer_ForestRoad.png using Guid(5ba259208ad985146a301e08de183a3f) Importer(815301076,1909f56bfc062723c751e8b465ee728b)  -> (artifact id: 'ea6eadc17244c219f2f3801a43748c00') in 0.010834 seconds 
========================================================================
Received Import Request.
  Time since last request: 0.000021 seconds.
  path: Assets/Flat Textures Pack/Textures/Winter_IceCave.png
  artifactKey: Guid(4a3e8f1cd37ac564f8f0c0a80b080c37) Importer(815301076,1909f56bfc062723c751e8b465ee728b)
Start importing Assets/Flat Textures Pack/Textures/Winter_IceCave.png using Guid(4a3e8f1cd37ac564f8f0c0a80b080c37) Importer(815301076,1909f56bfc062723c751e8b465ee728b)  -> (artifact id: 'e826ed25e2f2d406249c5fa22f3e1ca4') in 0.013729 seconds 
========================================================================
Received Import Request.
  Time since last request: 0.000027 seconds.
  path: Assets/Flat Textures Pack/Textures/Summer_Grass_A.png
  artifactKey: Guid(182a5f5d56040f3489e143cb041f2f10) Importer(815301076,1909f56bfc062723c751e8b465ee728b)
Start importing Assets/Flat Textures Pack/Textures/Summer_Grass_A.png using Guid(182a5f5d56040f3489e143cb041f2f10) Importer(815301076,1909f56bfc062723c751e8b465ee728b)  -> (artifact id: '5ed978a5a5ab032cc20aec0e1cc0024b') in 0.010056 seconds 
========================================================================
Received Import Request.
  Time since last request: 0.000016 seconds.
  path: Assets/Flat Textures Pack/Textures/Cave_LavaRocks_A.png
  artifactKey: Guid(a36ddfdef00715d48be4ba9fb4e538ae) Importer(815301076,1909f56bfc062723c751e8b465ee728b)
Start importing Assets/Flat Textures Pack/Textures/Cave_LavaRocks_A.png using Guid(a36ddfdef00715d48be4ba9fb4e538ae) Importer(815301076,1909f56bfc062723c751e8b465ee728b)  -> (artifact id: 'd1229132f382762c69ca7a61a2ef6df1') in 0.008285 seconds 
========================================================================
Received Import Request.
  Time since last request: 0.000018 seconds.
  path: Assets/Flat Textures Pack/Textures/Winter_IceCliff.png
  artifactKey: Guid(e9f0a30aa83fca9418d176218fd919b1) Importer(815301076,1909f56bfc062723c751e8b465ee728b)
Start importing Assets/Flat Textures Pack/Textures/Winter_IceCliff.png using Guid(e9f0a30aa83fca9418d176218fd919b1) Importer(815301076,1909f56bfc062723c751e8b465ee728b)  -> (artifact id: '5222bee14cfaf39073fc8696d3d5766b') in 0.009963 seconds 
========================================================================
Received Import Request.
  Time since last request: 0.000017 seconds.
  path: Assets/Flat Textures Pack/Textures/Desert_Cliff.png
  artifactKey: Guid(f19def3b08a4bf34da11bd34756ee17f) Importer(815301076,1909f56bfc062723c751e8b465ee728b)
Start importing Assets/Flat Textures Pack/Textures/Desert_Cliff.png using Guid(f19def3b08a4bf34da11bd34756ee17f) Importer(815301076,1909f56bfc062723c751e8b465ee728b)  -> (artifact id: '2faa0136b6414273d08d6f8790e90c63') in 0.008774 seconds 
Editor requested this worker to shutdown with reason: Scaling down because of idle timeout
AssetImportWorker is now disconnected from the server
Process exiting
Exiting without the bug reporter. Application will terminate with return code 0