Using pre-set license
Built from '2021.3/staging' branch; Version is '2021.3.16f1 (4016570cf34f) revision 4200023'; Using compiler version '192829333'; Build Type 'Release'
OS: 'Windows 10  (10.0.19044) 64bit Professional' Language: 'zh' Physical Memory: 32508 MB
BatchMode: 1, IsHumanControllingUs: 0, StartBugReporterOnCrash: 0, Is64bit: 1, IsPro: 1

COMMAND LINE ARGUMENTS:
C:\Program Files\Unity\Hub\Editor\2021.3.16f1\Editor\Unity.exe
-adb2
-batchMode
-noUpm
-name
AssetImportWorker0
-projectPath
E:/Github/Programming-Theory-Project/Programming Theory Project
-logFile
Logs/AssetImportWorker0.log
-srvPort
8848
Successfully changed project path to: E:/Github/Programming-Theory-Project/Programming Theory Project
E:/Github/Programming-Theory-Project/Programming Theory Project
[UnityMemory] Configuration Parameters - Can be set up in boot.config
    "memorysetup-bucket-allocator-granularity=16"
    "memorysetup-bucket-allocator-bucket-count=8"
    "memorysetup-bucket-allocator-block-size=33554432"
    "memorysetup-bucket-allocator-block-count=8"
    "memorysetup-main-allocator-block-size=16777216"
    "memorysetup-thread-allocator-block-size=16777216"
    "memorysetup-gfx-main-allocator-block-size=16777216"
    "memorysetup-gfx-thread-allocator-block-size=16777216"
    "memorysetup-cache-allocator-block-size=4194304"
    "memorysetup-typetree-allocator-block-size=2097152"
    "memorysetup-profiler-bucket-allocator-granularity=16"
    "memorysetup-profiler-bucket-allocator-bucket-count=8"
    "memorysetup-profiler-bucket-allocator-block-size=33554432"
    "memorysetup-profiler-bucket-allocator-block-count=8"
    "memorysetup-profiler-allocator-block-size=16777216"
    "memorysetup-profiler-editor-allocator-block-size=1048576"
    "memorysetup-temp-allocator-size-main=16777216"
    "memorysetup-job-temp-allocator-block-size=2097152"
    "memorysetup-job-temp-allocator-block-size-background=1048576"
    "memorysetup-job-temp-allocator-reduction-small-platforms=262144"
    "memorysetup-temp-allocator-size-background-worker=32768"
    "memorysetup-temp-allocator-size-job-worker=262144"
    "memorysetup-temp-allocator-size-preload-manager=33554432"
    "memorysetup-temp-allocator-size-nav-mesh-worker=65536"
    "memorysetup-temp-allocator-size-audio-worker=65536"
    "memorysetup-temp-allocator-size-cloud-worker=32768"
    "memorysetup-temp-allocator-size-gi-baking-worker=262144"
    "memorysetup-temp-allocator-size-gfx=262144"
Player connection [47828] Host "[IP] 192.168.2.170 [Port] 0 [Flags] 2 [Guid] 2188144556 [EditorId] 2188144556 [Version] 1048832 [Id] WindowsEditor(7,Administrator) [Debug] 1 [PackageName] WindowsEditor [ProjectName] Editor" joined multi-casting on [225.0.0.222:54997]...

Player connection [47828] Host "[IP] 192.168.2.170 [Port] 0 [Flags] 2 [Guid] 2188144556 [EditorId] 2188144556 [Version] 1048832 [Id] WindowsEditor(7,Administrator) [Debug] 1 [PackageName] WindowsEditor [ProjectName] Editor" joined alternative multi-casting on [225.0.0.222:34997]...

Refreshing native plugins compatible for Editor in 105.70 ms, found 3 plugins.
Preloading 0 native plugins for Editor in 0.00 ms.
Initialize engine version: 2021.3.16f1 (4016570cf34f)
[Subsystems] Discovering subsystems at path C:/Program Files/Unity/Hub/Editor/2021.3.16f1/Editor/Data/Resources/UnitySubsystems
[Subsystems] Discovering subsystems at path E:/Github/Programming-Theory-Project/Programming Theory Project/Assets
GfxDevice: creating device client; threaded=0; jobified=0
Direct3D:
    Version:  Direct3D 11.0 [level 11.1]
    Renderer: NVIDIA GeForce RTX 4090 (ID=0x2684)
    Vendor:   NVIDIA
    VRAM:     24156 MB
    Driver:   31.0.15.3118
Initialize mono
Mono path[0] = 'C:/Program Files/Unity/Hub/Editor/2021.3.16f1/Editor/Data/Managed'
Mono path[1] = 'C:/Program Files/Unity/Hub/Editor/2021.3.16f1/Editor/Data/MonoBleedingEdge/lib/mono/unityjit-win32'
Mono config path = 'C:/Program Files/Unity/Hub/Editor/2021.3.16f1/Editor/Data/MonoBleedingEdge/etc'
Using monoOptions --debugger-agent=transport=dt_socket,embedding=1,server=y,suspend=n,address=127.0.0.1:56048
Begin MonoManager ReloadAssembly
Registering precompiled unity dll's ...
Register platform support module: C:/Program Files/Unity/Hub/Editor/2021.3.16f1/Editor/Data/PlaybackEngines/WebGLSupport/UnityEditor.WebGL.Extensions.dll
Register platform support module: C:/Program Files/Unity/Hub/Editor/2021.3.16f1/Editor/Data/PlaybackEngines/AndroidPlayer/UnityEditor.Android.Extensions.dll
Register platform support module: C:/Program Files/Unity/Hub/Editor/2021.3.16f1/Editor/Data/PlaybackEngines/WindowsStandaloneSupport/UnityEditor.WindowsStandalone.Extensions.dll
Register platform support module: C:/Program Files/Unity/Hub/Editor/2021.3.16f1/Editor/Data/PlaybackEngines/MetroSupport/UnityEditor.UWP.Extensions.dll
Registered in 0.172794 seconds.
Native extension for UWP target not found
Native extension for WindowsStandalone target not found
Native extension for Android target not found
Native extension for WebGL target not found
Refreshing native plugins compatible for Editor in 74.73 ms, found 3 plugins.
Preloading 0 native plugins for Editor in 0.00 ms.
Mono: successfully reloaded assembly
- Completed reload, in  2.997 seconds
Domain Reload Profiling:
	ReloadAssembly (2998ms)
		BeginReloadAssembly (1825ms)
			ExecutionOrderSort (0ms)
			DisableScriptedObjects (0ms)
			BackupInstance (0ms)
			ReleaseScriptingObjects (0ms)
			CreateAndSetChildDomain (1ms)
		EndReloadAssembly (788ms)
			LoadAssemblies (1831ms)
			RebuildTransferFunctionScriptingTraits (0ms)
			SetupTypeCache (464ms)
			ReleaseScriptCaches (0ms)
			RebuildScriptCaches (26ms)
			SetupLoadedEditorAssemblies (246ms)
				LogAssemblyErrors (0ms)
				InitializePlatformSupportModulesInManaged (49ms)
				SetLoadedEditorAssemblies (0ms)
				RefreshPlugins (75ms)
				BeforeProcessingInitializeOnLoad (1ms)
				ProcessInitializeOnLoadAttributes (81ms)
				ProcessInitializeOnLoadMethodAttributes (40ms)
				AfterProcessingInitializeOnLoad (0ms)
				EditorAssembliesLoaded (0ms)
			ExecutionOrderSort2 (0ms)
			AwakeInstancesAfterBackupRestoration (0ms)
Platform modules already initialized, skipping
Registering precompiled user dll's ...
Registered in 0.003687 seconds.
Android Extension - Scanning For ADB Devices 4423 ms
Begin MonoManager ReloadAssembly
Symbol file LoadedFromMemory doesn't match image E:\Github\Programming-Theory-Project\Programming Theory Project\Library\PackageCache\com.unity.visualscripting@1.7.8\Editor\VisualScripting.Core\Dependencies\YamlDotNet\Unity.VisualScripting.YamlDotNet.dll
Symbol file LoadedFromMemory doesn't match image E:\Github\Programming-Theory-Project\Programming Theory Project\Library\PackageCache\com.unity.visualscripting@1.7.8\Editor\VisualScripting.Core\Dependencies\DotNetZip\Unity.VisualScripting.IonicZip.dll
Native extension for UWP target not found
Native extension for WindowsStandalone target not found
Native extension for Android target not found
Native extension for WebGL target not found
Refreshing native plugins compatible for Editor in 0.55 ms, found 3 plugins.
Preloading 0 native plugins for Editor in 0.00 ms.
Mono: successfully reloaded assembly
- Completed reload, in  2.961 seconds
Domain Reload Profiling:
	ReloadAssembly (2962ms)
		BeginReloadAssembly (93ms)
			ExecutionOrderSort (0ms)
			DisableScriptedObjects (5ms)
			BackupInstance (0ms)
			ReleaseScriptingObjects (0ms)
			CreateAndSetChildDomain (19ms)
		EndReloadAssembly (2749ms)
			LoadAssemblies (1363ms)
			RebuildTransferFunctionScriptingTraits (0ms)
			SetupTypeCache (491ms)
			ReleaseScriptCaches (0ms)
			RebuildScriptCaches (48ms)
			SetupLoadedEditorAssemblies (808ms)
				LogAssemblyErrors (0ms)
				InitializePlatformSupportModulesInManaged (15ms)
				SetLoadedEditorAssemblies (0ms)
				RefreshPlugins (1ms)
				BeforeProcessingInitializeOnLoad (97ms)
				ProcessInitializeOnLoadAttributes (205ms)
				ProcessInitializeOnLoadMethodAttributes (482ms)
				AfterProcessingInitializeOnLoad (7ms)
				EditorAssembliesLoaded (0ms)
			ExecutionOrderSort2 (0ms)
			AwakeInstancesAfterBackupRestoration (5ms)
Platform modules already initialized, skipping
========================================================================
Worker process is ready to serve import requests
Launched and connected shader compiler UnityShaderCompiler.exe after 0.04 seconds
Refreshing native plugins compatible for Editor in 0.74 ms, found 3 plugins.
Preloading 0 native plugins for Editor in 0.00 ms.
Unloading 3361 Unused Serialized files (Serialized files now loaded: 0)
Unloading 27 unused Assets / (113.4 KB). Loaded Objects now: 3820.
Memory consumption went from 119.9 MB to 119.8 MB.
Total: 2.581900 ms (FindLiveObjects: 0.225900 ms CreateObjectMapping: 0.074400 ms MarkObjects: 2.190800 ms  DeleteObjects: 0.090200 ms)

AssetImportParameters requested are different than current active one (requested -> active):
  custom:video-decoder-ogg-theora: a1e56fd34408186e4bbccfd4996cb3dc -> 
  custom:container-muxer-webm: aa71ff27fc2769a1b78a27578f13a17b -> 
  custom:container-demuxer-webm: 4f35f7cbe854078d1ac9338744f61a02 -> 
  custom:video-encoder-webm-vp8: eb34c28f22e8b96e1ab97ce403110664 -> 
  custom:audio-encoder-webm-vorbis: bf7c407c2cedff20999df2af8eb42d56 -> 
  custom:framework-win-MediaFoundation: 216162199b28c13a410421893ffa2e32 -> 
  custom:container-demuxer-ogg: 62fdf1f143b41e24485cea50d1cbac27 -> 
  custom:video-decoder-webm-vp8: 9c59270c3fd7afecdb556c50c9e8de78 -> 
  custom:audio-decoder-ogg-vorbis: bf7c407c2cedff20999df2af8eb42d56 -> 
========================================================================
Received Import Request.
  Time since last request: 1815026.565848 seconds.
  path: Assets/Scenes/SampleScene.unity
  artifactKey: Guid(9fc0d4010bbf28b4594072e72b8655ab) Importer(815301076,1909f56bfc062723c751e8b465ee728b)
Start importing Assets/Scenes/SampleScene.unity using Guid(9fc0d4010bbf28b4594072e72b8655ab) Importer(815301076,1909f56bfc062723c751e8b465ee728b)  -> (artifact id: 'e55ccaa32d8e5c1de03c07a5412c8c3c') in 0.022632 seconds 
========================================================================
Received Import Request.
  Time since last request: 12.721461 seconds.
  path: Assets/Scenes/Start_Scene.unity
  artifactKey: Guid(9a2902235d243ba41906c3d4416c7dd6) Importer(815301076,1909f56bfc062723c751e8b465ee728b)
Start importing Assets/Scenes/Start_Scene.unity using Guid(9a2902235d243ba41906c3d4416c7dd6) Importer(815301076,1909f56bfc062723c751e8b465ee728b)  -> (artifact id: 'ef00c99e36b30619a0da7d8aaa03e051') in 0.003184 seconds 
========================================================================
Received Import Request.
  Time since last request: 85.378886 seconds.
  path: Assets/Scenes/Main_Scene.unity
  artifactKey: Guid(e320b16f56504fd4993650d2ca1ce81b) Importer(815301076,1909f56bfc062723c751e8b465ee728b)
Start importing Assets/Scenes/Main_Scene.unity using Guid(e320b16f56504fd4993650d2ca1ce81b) Importer(815301076,1909f56bfc062723c751e8b465ee728b)  -> (artifact id: '15bc47a3ccc99e61296bb33f48f72680') in 0.003345 seconds 
========================================================================
Received Import Request.
  Time since last request: 39.108762 seconds.
  path: Assets
  artifactKey: Guid(00000000000000001000000000000000) Importer(815301076,1909f56bfc062723c751e8b465ee728b)
Start importing Assets using Guid(00000000000000001000000000000000) Importer(815301076,1909f56bfc062723c751e8b465ee728b)  -> (artifact id: '79842766b460edbeab6a34051e857a80') in 0.004092 seconds 
========================================================================
Received Import Request.
  Time since last request: 11.828803 seconds.
  path: Assets/Scripts
  artifactKey: Guid(93c95c5f0bd52d9468a2484361f35e59) Importer(815301076,1909f56bfc062723c751e8b465ee728b)
Start importing Assets/Scripts using Guid(93c95c5f0bd52d9468a2484361f35e59) Importer(815301076,1909f56bfc062723c751e8b465ee728b)  -> (artifact id: '06a29da92342d4551b441ec73a1b8a18') in 0.004856 seconds 
========================================================================
Received Import Request.
  Time since last request: 7.680731 seconds.
  path: Assets/Prefabs
  artifactKey: Guid(932a3dac156bf1f43b6eb0792a378a68) Importer(815301076,1909f56bfc062723c751e8b465ee728b)
Start importing Assets/Prefabs using Guid(932a3dac156bf1f43b6eb0792a378a68) Importer(815301076,1909f56bfc062723c751e8b465ee728b)  -> (artifact id: 'ac6666b541374ddd9f2bb46fc3bdb867') in 0.003266 seconds 
========================================================================
Received Prepare
Registering precompiled user dll's ...
Registered in 0.003979 seconds.
Begin MonoManager ReloadAssembly
Symbol file LoadedFromMemory doesn't match image E:\Github\Programming-Theory-Project\Programming Theory Project\Library\PackageCache\com.unity.visualscripting@1.7.8\Editor\VisualScripting.Core\Dependencies\YamlDotNet\Unity.VisualScripting.YamlDotNet.dll
Symbol file LoadedFromMemory doesn't match image E:\Github\Programming-Theory-Project\Programming Theory Project\Library\PackageCache\com.unity.visualscripting@1.7.8\Editor\VisualScripting.Core\Dependencies\DotNetZip\Unity.VisualScripting.IonicZip.dll
Native extension for UWP target not found
Native extension for WindowsStandalone target not found
Native extension for Android target not found
Native extension for WebGL target not found
Refreshing native plugins compatible for Editor in 0.69 ms, found 3 plugins.
Preloading 0 native plugins for Editor in 0.00 ms.
Mono: successfully reloaded assembly
- Completed reload, in  0.862 seconds
Domain Reload Profiling:
	ReloadAssembly (862ms)
		BeginReloadAssembly (123ms)
			ExecutionOrderSort (0ms)
			DisableScriptedObjects (5ms)
			BackupInstance (0ms)
			ReleaseScriptingObjects (0ms)
			CreateAndSetChildDomain (36ms)
		EndReloadAssembly (660ms)
			LoadAssemblies (71ms)
			RebuildTransferFunctionScriptingTraits (0ms)
			SetupTypeCache (209ms)
			ReleaseScriptCaches (1ms)
			RebuildScriptCaches (37ms)
			SetupLoadedEditorAssemblies (305ms)
				LogAssemblyErrors (0ms)
				InitializePlatformSupportModulesInManaged (22ms)
				SetLoadedEditorAssemblies (0ms)
				RefreshPlugins (1ms)
				BeforeProcessingInitializeOnLoad (76ms)
				ProcessInitializeOnLoadAttributes (178ms)
				ProcessInitializeOnLoadMethodAttributes (21ms)
				AfterProcessingInitializeOnLoad (7ms)
				EditorAssembliesLoaded (0ms)
			ExecutionOrderSort2 (0ms)
			AwakeInstancesAfterBackupRestoration (5ms)
Platform modules already initialized, skipping
Refreshing native plugins compatible for Editor in 1.51 ms, found 3 plugins.
Preloading 0 native plugins for Editor in 0.00 ms.
Unloading 3369 Unused Serialized files (Serialized files now loaded: 0)
Unloading 33 unused Assets / (0.7 MB). Loaded Objects now: 3823.
Memory consumption went from 122.0 MB to 121.2 MB.
Total: 2.674200 ms (FindLiveObjects: 0.208600 ms CreateObjectMapping: 0.064600 ms MarkObjects: 2.072500 ms  DeleteObjects: 0.328100 ms)

AssetImportParameters requested are different than current active one (requested -> active):
  custom:video-decoder-ogg-theora: a1e56fd34408186e4bbccfd4996cb3dc -> 
  custom:container-muxer-webm: aa71ff27fc2769a1b78a27578f13a17b -> 
  custom:container-demuxer-webm: 4f35f7cbe854078d1ac9338744f61a02 -> 
  custom:video-encoder-webm-vp8: eb34c28f22e8b96e1ab97ce403110664 -> 
  custom:audio-encoder-webm-vorbis: bf7c407c2cedff20999df2af8eb42d56 -> 
  custom:framework-win-MediaFoundation: 216162199b28c13a410421893ffa2e32 -> 
  custom:container-demuxer-ogg: 62fdf1f143b41e24485cea50d1cbac27 -> 
  custom:video-decoder-webm-vp8: 9c59270c3fd7afecdb556c50c9e8de78 -> 
  custom:audio-decoder-ogg-vorbis: bf7c407c2cedff20999df2af8eb42d56 -> 
========================================================================
Received Import Request.
  Time since last request: 941.235135 seconds.
  path: Assets/Scripts/StartUIHandler.cs
  artifactKey: Guid(b8a711fdf08d8a445a4d5a2b31748ce9) Importer(815301076,1909f56bfc062723c751e8b465ee728b)
Start importing Assets/Scripts/StartUIHandler.cs using Guid(b8a711fdf08d8a445a4d5a2b31748ce9) Importer(815301076,1909f56bfc062723c751e8b465ee728b)  -> (artifact id: '0e86e2b7a75290fd9a29c40c624ac73c') in 0.021547 seconds 
========================================================================
Received Prepare
Registering precompiled user dll's ...
Registered in 0.003336 seconds.
Begin MonoManager ReloadAssembly
Symbol file LoadedFromMemory doesn't match image E:\Github\Programming-Theory-Project\Programming Theory Project\Library\PackageCache\com.unity.visualscripting@1.7.8\Editor\VisualScripting.Core\Dependencies\YamlDotNet\Unity.VisualScripting.YamlDotNet.dll
Symbol file LoadedFromMemory doesn't match image E:\Github\Programming-Theory-Project\Programming Theory Project\Library\PackageCache\com.unity.visualscripting@1.7.8\Editor\VisualScripting.Core\Dependencies\DotNetZip\Unity.VisualScripting.IonicZip.dll
Native extension for UWP target not found
Native extension for WindowsStandalone target not found
Native extension for Android target not found
Native extension for WebGL target not found
Refreshing native plugins compatible for Editor in 0.49 ms, found 3 plugins.
Preloading 0 native plugins for Editor in 0.00 ms.
Mono: successfully reloaded assembly
- Completed reload, in  0.868 seconds
Domain Reload Profiling:
	ReloadAssembly (869ms)
		BeginReloadAssembly (117ms)
			ExecutionOrderSort (0ms)
			DisableScriptedObjects (5ms)
			BackupInstance (0ms)
			ReleaseScriptingObjects (0ms)
			CreateAndSetChildDomain (33ms)
		EndReloadAssembly (669ms)
			LoadAssemblies (76ms)
			RebuildTransferFunctionScriptingTraits (0ms)
			SetupTypeCache (212ms)
			ReleaseScriptCaches (1ms)
			RebuildScriptCaches (39ms)
			SetupLoadedEditorAssemblies (307ms)
				LogAssemblyErrors (0ms)
				InitializePlatformSupportModulesInManaged (22ms)
				SetLoadedEditorAssemblies (1ms)
				RefreshPlugins (1ms)
				BeforeProcessingInitializeOnLoad (77ms)
				ProcessInitializeOnLoadAttributes (179ms)
				ProcessInitializeOnLoadMethodAttributes (20ms)
				AfterProcessingInitializeOnLoad (8ms)
				EditorAssembliesLoaded (0ms)
			ExecutionOrderSort2 (0ms)
			AwakeInstancesAfterBackupRestoration (5ms)
Platform modules already initialized, skipping
Refreshing native plugins compatible for Editor in 1.81 ms, found 3 plugins.
Preloading 0 native plugins for Editor in 0.00 ms.
Unloading 3370 Unused Serialized files (Serialized files now loaded: 0)
Unloading 33 unused Assets / (0.7 MB). Loaded Objects now: 3827.
Memory consumption went from 122.0 MB to 121.3 MB.
Total: 2.731000 ms (FindLiveObjects: 0.226900 ms CreateObjectMapping: 0.065100 ms MarkObjects: 2.053100 ms  DeleteObjects: 0.385300 ms)

AssetImportParameters requested are different than current active one (requested -> active):
  custom:video-decoder-ogg-theora: a1e56fd34408186e4bbccfd4996cb3dc -> 
  custom:container-muxer-webm: aa71ff27fc2769a1b78a27578f13a17b -> 
  custom:container-demuxer-webm: 4f35f7cbe854078d1ac9338744f61a02 -> 
  custom:video-encoder-webm-vp8: eb34c28f22e8b96e1ab97ce403110664 -> 
  custom:audio-encoder-webm-vorbis: bf7c407c2cedff20999df2af8eb42d56 -> 
  custom:framework-win-MediaFoundation: 216162199b28c13a410421893ffa2e32 -> 
  custom:container-demuxer-ogg: 62fdf1f143b41e24485cea50d1cbac27 -> 
  custom:video-decoder-webm-vp8: 9c59270c3fd7afecdb556c50c9e8de78 -> 
  custom:audio-decoder-ogg-vorbis: bf7c407c2cedff20999df2af8eb42d56 -> 
========================================================================
Received Import Request.
  Time since last request: 2268.765525 seconds.
  path: Assets/Scripts/StartUIHandler.cs
  artifactKey: Guid(b8a711fdf08d8a445a4d5a2b31748ce9) Importer(815301076,1909f56bfc062723c751e8b465ee728b)
Start importing Assets/Scripts/StartUIHandler.cs using Guid(b8a711fdf08d8a445a4d5a2b31748ce9) Importer(815301076,1909f56bfc062723c751e8b465ee728b)  -> (artifact id: '88aba33dcecd2caedaf069f975470288') in 0.006174 seconds 
========================================================================
Received Prepare
Registering precompiled user dll's ...
Registered in 0.003218 seconds.
Begin MonoManager ReloadAssembly
Symbol file LoadedFromMemory doesn't match image E:\Github\Programming-Theory-Project\Programming Theory Project\Library\PackageCache\com.unity.visualscripting@1.7.8\Editor\VisualScripting.Core\Dependencies\YamlDotNet\Unity.VisualScripting.YamlDotNet.dll
Symbol file LoadedFromMemory doesn't match image E:\Github\Programming-Theory-Project\Programming Theory Project\Library\PackageCache\com.unity.visualscripting@1.7.8\Editor\VisualScripting.Core\Dependencies\DotNetZip\Unity.VisualScripting.IonicZip.dll
Native extension for UWP target not found
Native extension for WindowsStandalone target not found
Native extension for Android target not found
Native extension for WebGL target not found
Refreshing native plugins compatible for Editor in 0.70 ms, found 3 plugins.
Preloading 0 native plugins for Editor in 0.00 ms.
Mono: successfully reloaded assembly
- Completed reload, in  0.868 seconds
Domain Reload Profiling:
	ReloadAssembly (869ms)
		BeginReloadAssembly (133ms)
			ExecutionOrderSort (0ms)
			DisableScriptedObjects (6ms)
			BackupInstance (0ms)
			ReleaseScriptingObjects (0ms)
			CreateAndSetChildDomain (44ms)
		EndReloadAssembly (656ms)
			LoadAssemblies (73ms)
			RebuildTransferFunctionScriptingTraits (0ms)
			SetupTypeCache (213ms)
			ReleaseScriptCaches (1ms)
			RebuildScriptCaches (37ms)
			SetupLoadedEditorAssemblies (300ms)
				LogAssemblyErrors (0ms)
				InitializePlatformSupportModulesInManaged (21ms)
				SetLoadedEditorAssemblies (1ms)
				RefreshPlugins (1ms)
				BeforeProcessingInitializeOnLoad (76ms)
				ProcessInitializeOnLoadAttributes (172ms)
				ProcessInitializeOnLoadMethodAttributes (21ms)
				AfterProcessingInitializeOnLoad (7ms)
				EditorAssembliesLoaded (0ms)
			ExecutionOrderSort2 (0ms)
			AwakeInstancesAfterBackupRestoration (5ms)
Platform modules already initialized, skipping
Refreshing native plugins compatible for Editor in 1.39 ms, found 3 plugins.
Preloading 0 native plugins for Editor in 0.00 ms.
Unloading 3370 Unused Serialized files (Serialized files now loaded: 0)
Unloading 33 unused Assets / (0.7 MB). Loaded Objects now: 3830.
Memory consumption went from 122.1 MB to 121.4 MB.
Total: 2.571000 ms (FindLiveObjects: 0.199500 ms CreateObjectMapping: 0.062500 ms MarkObjects: 2.047600 ms  DeleteObjects: 0.260900 ms)

AssetImportParameters requested are different than current active one (requested -> active):
  custom:video-decoder-ogg-theora: a1e56fd34408186e4bbccfd4996cb3dc -> 
  custom:container-muxer-webm: aa71ff27fc2769a1b78a27578f13a17b -> 
  custom:container-demuxer-webm: 4f35f7cbe854078d1ac9338744f61a02 -> 
  custom:video-encoder-webm-vp8: eb34c28f22e8b96e1ab97ce403110664 -> 
  custom:audio-encoder-webm-vorbis: bf7c407c2cedff20999df2af8eb42d56 -> 
  custom:framework-win-MediaFoundation: 216162199b28c13a410421893ffa2e32 -> 
  custom:container-demuxer-ogg: 62fdf1f143b41e24485cea50d1cbac27 -> 
  custom:video-decoder-webm-vp8: 9c59270c3fd7afecdb556c50c9e8de78 -> 
  custom:audio-decoder-ogg-vorbis: bf7c407c2cedff20999df2af8eb42d56 -> 
========================================================================
Received Import Request.
  Time since last request: 23.728757 seconds.
  path: Assets/Scripts/MainManager.cs
  artifactKey: Guid(3915249c05a83d7489dcc2582f4d2ac0) Importer(815301076,1909f56bfc062723c751e8b465ee728b)
Start importing Assets/Scripts/MainManager.cs using Guid(3915249c05a83d7489dcc2582f4d2ac0) Importer(815301076,1909f56bfc062723c751e8b465ee728b)  -> (artifact id: '6821934822da5b210df75f4f97ce654f') in 0.007340 seconds 
========================================================================
Received Prepare
Registering precompiled user dll's ...
Registered in 0.003353 seconds.
Begin MonoManager ReloadAssembly
Symbol file LoadedFromMemory doesn't match image E:\Github\Programming-Theory-Project\Programming Theory Project\Library\PackageCache\com.unity.visualscripting@1.7.8\Editor\VisualScripting.Core\Dependencies\YamlDotNet\Unity.VisualScripting.YamlDotNet.dll
Symbol file LoadedFromMemory doesn't match image E:\Github\Programming-Theory-Project\Programming Theory Project\Library\PackageCache\com.unity.visualscripting@1.7.8\Editor\VisualScripting.Core\Dependencies\DotNetZip\Unity.VisualScripting.IonicZip.dll
Native extension for UWP target not found
Native extension for WindowsStandalone target not found
Native extension for Android target not found
Native extension for WebGL target not found
Refreshing native plugins compatible for Editor in 0.63 ms, found 3 plugins.
Preloading 0 native plugins for Editor in 0.00 ms.
Mono: successfully reloaded assembly
- Completed reload, in  0.836 seconds
Domain Reload Profiling:
	ReloadAssembly (837ms)
		BeginReloadAssembly (118ms)
			ExecutionOrderSort (0ms)
			DisableScriptedObjects (5ms)
			BackupInstance (0ms)
			ReleaseScriptingObjects (0ms)
			CreateAndSetChildDomain (32ms)
		EndReloadAssembly (638ms)
			LoadAssemblies (72ms)
			RebuildTransferFunctionScriptingTraits (0ms)
			SetupTypeCache (211ms)
			ReleaseScriptCaches (1ms)
			RebuildScriptCaches (40ms)
			SetupLoadedEditorAssemblies (283ms)
				LogAssemblyErrors (0ms)
				InitializePlatformSupportModulesInManaged (20ms)
				SetLoadedEditorAssemblies (0ms)
				RefreshPlugins (1ms)
				BeforeProcessingInitializeOnLoad (70ms)
				ProcessInitializeOnLoadAttributes (170ms)
				ProcessInitializeOnLoadMethodAttributes (19ms)
				AfterProcessingInitializeOnLoad (3ms)
				EditorAssembliesLoaded (0ms)
			ExecutionOrderSort2 (0ms)
			AwakeInstancesAfterBackupRestoration (3ms)
Platform modules already initialized, skipping
Refreshing native plugins compatible for Editor in 1.81 ms, found 3 plugins.
Preloading 0 native plugins for Editor in 0.00 ms.
Unloading 3371 Unused Serialized files (Serialized files now loaded: 0)
Unloading 33 unused Assets / (0.7 MB). Loaded Objects now: 3834.
Memory consumption went from 122.2 MB to 121.4 MB.
Total: 2.679700 ms (FindLiveObjects: 0.231500 ms CreateObjectMapping: 0.063800 ms MarkObjects: 2.060900 ms  DeleteObjects: 0.322800 ms)

AssetImportParameters requested are different than current active one (requested -> active):
  custom:video-decoder-ogg-theora: a1e56fd34408186e4bbccfd4996cb3dc -> 
  custom:container-muxer-webm: aa71ff27fc2769a1b78a27578f13a17b -> 
  custom:container-demuxer-webm: 4f35f7cbe854078d1ac9338744f61a02 -> 
  custom:video-encoder-webm-vp8: eb34c28f22e8b96e1ab97ce403110664 -> 
  custom:audio-encoder-webm-vorbis: bf7c407c2cedff20999df2af8eb42d56 -> 
  custom:framework-win-MediaFoundation: 216162199b28c13a410421893ffa2e32 -> 
  custom:container-demuxer-ogg: 62fdf1f143b41e24485cea50d1cbac27 -> 
  custom:video-decoder-webm-vp8: 9c59270c3fd7afecdb556c50c9e8de78 -> 
  custom:audio-decoder-ogg-vorbis: bf7c407c2cedff20999df2af8eb42d56 -> 
========================================================================
Received Import Request.
  Time since last request: 360.718606 seconds.
  path: Assets/Scripts/MainManager.cs
  artifactKey: Guid(3915249c05a83d7489dcc2582f4d2ac0) Importer(815301076,1909f56bfc062723c751e8b465ee728b)
Start importing Assets/Scripts/MainManager.cs using Guid(3915249c05a83d7489dcc2582f4d2ac0) Importer(815301076,1909f56bfc062723c751e8b465ee728b)  -> (artifact id: 'bb9808724dbb28382b72854d2ad278f7') in 0.005846 seconds 
========================================================================
Received Prepare
Registering precompiled user dll's ...
Registered in 0.035965 seconds.
Begin MonoManager ReloadAssembly
Symbol file LoadedFromMemory doesn't match image E:\Github\Programming-Theory-Project\Programming Theory Project\Library\PackageCache\com.unity.visualscripting@1.7.8\Editor\VisualScripting.Core\Dependencies\YamlDotNet\Unity.VisualScripting.YamlDotNet.dll
Symbol file LoadedFromMemory doesn't match image E:\Github\Programming-Theory-Project\Programming Theory Project\Library\PackageCache\com.unity.visualscripting@1.7.8\Editor\VisualScripting.Core\Dependencies\DotNetZip\Unity.VisualScripting.IonicZip.dll
Native extension for UWP target not found
Native extension for WindowsStandalone target not found
Native extension for Android target not found
Native extension for WebGL target not found
Refreshing native plugins compatible for Editor in 0.67 ms, found 3 plugins.
Preloading 0 native plugins for Editor in 0.00 ms.
Mono: successfully reloaded assembly
- Completed reload, in  0.837 seconds
Domain Reload Profiling:
	ReloadAssembly (838ms)
		BeginReloadAssembly (115ms)
			ExecutionOrderSort (0ms)
			DisableScriptedObjects (5ms)
			BackupInstance (0ms)
			ReleaseScriptingObjects (0ms)
			CreateAndSetChildDomain (34ms)
		EndReloadAssembly (640ms)
			LoadAssemblies (72ms)
			RebuildTransferFunctionScriptingTraits (0ms)
			SetupTypeCache (203ms)
			ReleaseScriptCaches (1ms)
			RebuildScriptCaches (36ms)
			SetupLoadedEditorAssemblies (292ms)
				LogAssemblyErrors (0ms)
				InitializePlatformSupportModulesInManaged (21ms)
				SetLoadedEditorAssemblies (0ms)
				RefreshPlugins (1ms)
				BeforeProcessingInitializeOnLoad (76ms)
				ProcessInitializeOnLoadAttributes (168ms)
				ProcessInitializeOnLoadMethodAttributes (19ms)
				AfterProcessingInitializeOnLoad (7ms)
				EditorAssembliesLoaded (0ms)
			ExecutionOrderSort2 (0ms)
			AwakeInstancesAfterBackupRestoration (5ms)
Platform modules already initialized, skipping
Refreshing native plugins compatible for Editor in 1.54 ms, found 3 plugins.
Preloading 0 native plugins for Editor in 0.00 ms.
Unloading 3371 Unused Serialized files (Serialized files now loaded: 0)
Unloading 33 unused Assets / (0.7 MB). Loaded Objects now: 3837.
Memory consumption went from 122.2 MB to 121.4 MB.
Total: 2.608000 ms (FindLiveObjects: 0.204700 ms CreateObjectMapping: 0.067700 ms MarkObjects: 2.034800 ms  DeleteObjects: 0.300100 ms)

AssetImportParameters requested are different than current active one (requested -> active):
  custom:video-decoder-ogg-theora: a1e56fd34408186e4bbccfd4996cb3dc -> 
  custom:container-muxer-webm: aa71ff27fc2769a1b78a27578f13a17b -> 
  custom:container-demuxer-webm: 4f35f7cbe854078d1ac9338744f61a02 -> 
  custom:video-encoder-webm-vp8: eb34c28f22e8b96e1ab97ce403110664 -> 
  custom:audio-encoder-webm-vorbis: bf7c407c2cedff20999df2af8eb42d56 -> 
  custom:framework-win-MediaFoundation: 216162199b28c13a410421893ffa2e32 -> 
  custom:container-demuxer-ogg: 62fdf1f143b41e24485cea50d1cbac27 -> 
  custom:video-decoder-webm-vp8: 9c59270c3fd7afecdb556c50c9e8de78 -> 
  custom:audio-decoder-ogg-vorbis: bf7c407c2cedff20999df2af8eb42d56 -> 
========================================================================
Received Import Request.
  Time since last request: 1271.863360 seconds.
  path: Assets/Scripts/MainManager.cs
  artifactKey: Guid(3915249c05a83d7489dcc2582f4d2ac0) Importer(815301076,1909f56bfc062723c751e8b465ee728b)
Start importing Assets/Scripts/MainManager.cs using Guid(3915249c05a83d7489dcc2582f4d2ac0) Importer(815301076,1909f56bfc062723c751e8b465ee728b)  -> (artifact id: '1ac4991f39327f456b5c834e8956a4dc') in 0.005757 seconds 
========================================================================
Received Prepare
Registering precompiled user dll's ...
Registered in 0.003473 seconds.
Begin MonoManager ReloadAssembly
Symbol file LoadedFromMemory doesn't match image E:\Github\Programming-Theory-Project\Programming Theory Project\Library\PackageCache\com.unity.visualscripting@1.7.8\Editor\VisualScripting.Core\Dependencies\YamlDotNet\Unity.VisualScripting.YamlDotNet.dll
Symbol file LoadedFromMemory doesn't match image E:\Github\Programming-Theory-Project\Programming Theory Project\Library\PackageCache\com.unity.visualscripting@1.7.8\Editor\VisualScripting.Core\Dependencies\DotNetZip\Unity.VisualScripting.IonicZip.dll
Native extension for UWP target not found
Native extension for WindowsStandalone target not found
Native extension for Android target not found
Native extension for WebGL target not found
Refreshing native plugins compatible for Editor in 0.65 ms, found 3 plugins.
Preloading 0 native plugins for Editor in 0.00 ms.
Mono: successfully reloaded assembly
- Completed reload, in  0.835 seconds
Domain Reload Profiling:
	ReloadAssembly (835ms)
		BeginReloadAssembly (114ms)
			ExecutionOrderSort (0ms)
			DisableScriptedObjects (6ms)
			BackupInstance (0ms)
			ReleaseScriptingObjects (0ms)
			CreateAndSetChildDomain (32ms)
		EndReloadAssembly (642ms)
			LoadAssemblies (71ms)
			RebuildTransferFunctionScriptingTraits (0ms)
			SetupTypeCache (203ms)
			ReleaseScriptCaches (1ms)
			RebuildScriptCaches (37ms)
			SetupLoadedEditorAssemblies (296ms)
				LogAssemblyErrors (0ms)
				InitializePlatformSupportModulesInManaged (20ms)
				SetLoadedEditorAssemblies (0ms)
				RefreshPlugins (1ms)
				BeforeProcessingInitializeOnLoad (76ms)
				ProcessInitializeOnLoadAttributes (172ms)
				ProcessInitializeOnLoadMethodAttributes (19ms)
				AfterProcessingInitializeOnLoad (6ms)
				EditorAssembliesLoaded (0ms)
			ExecutionOrderSort2 (0ms)
			AwakeInstancesAfterBackupRestoration (5ms)
Platform modules already initialized, skipping
Refreshing native plugins compatible for Editor in 1.30 ms, found 3 plugins.
Preloading 0 native plugins for Editor in 0.00 ms.
Unloading 3371 Unused Serialized files (Serialized files now loaded: 0)
Unloading 33 unused Assets / (0.7 MB). Loaded Objects now: 3840.
Memory consumption went from 122.2 MB to 121.4 MB.
Total: 2.511900 ms (FindLiveObjects: 0.203100 ms CreateObjectMapping: 0.059000 ms MarkObjects: 1.976100 ms  DeleteObjects: 0.273200 ms)

AssetImportParameters requested are different than current active one (requested -> active):
  custom:video-decoder-ogg-theora: a1e56fd34408186e4bbccfd4996cb3dc -> 
  custom:container-muxer-webm: aa71ff27fc2769a1b78a27578f13a17b -> 
  custom:container-demuxer-webm: 4f35f7cbe854078d1ac9338744f61a02 -> 
  custom:video-encoder-webm-vp8: eb34c28f22e8b96e1ab97ce403110664 -> 
  custom:audio-encoder-webm-vorbis: bf7c407c2cedff20999df2af8eb42d56 -> 
  custom:framework-win-MediaFoundation: 216162199b28c13a410421893ffa2e32 -> 
  custom:container-demuxer-ogg: 62fdf1f143b41e24485cea50d1cbac27 -> 
  custom:video-decoder-webm-vp8: 9c59270c3fd7afecdb556c50c9e8de78 -> 
  custom:audio-decoder-ogg-vorbis: bf7c407c2cedff20999df2af8eb42d56 -> 
========================================================================
Received Prepare
Registering precompiled user dll's ...
Registered in 0.003986 seconds.
Begin MonoManager ReloadAssembly
Symbol file LoadedFromMemory doesn't match image E:\Github\Programming-Theory-Project\Programming Theory Project\Library\PackageCache\com.unity.visualscripting@1.7.8\Editor\VisualScripting.Core\Dependencies\YamlDotNet\Unity.VisualScripting.YamlDotNet.dll
Symbol file LoadedFromMemory doesn't match image E:\Github\Programming-Theory-Project\Programming Theory Project\Library\PackageCache\com.unity.visualscripting@1.7.8\Editor\VisualScripting.Core\Dependencies\DotNetZip\Unity.VisualScripting.IonicZip.dll
Native extension for UWP target not found
Native extension for WindowsStandalone target not found
Native extension for Android target not found
Native extension for WebGL target not found
Refreshing native plugins compatible for Editor in 0.58 ms, found 3 plugins.
Preloading 0 native plugins for Editor in 0.00 ms.
Mono: successfully reloaded assembly
- Completed reload, in  0.839 seconds
Domain Reload Profiling:
	ReloadAssembly (840ms)
		BeginReloadAssembly (121ms)
			ExecutionOrderSort (0ms)
			DisableScriptedObjects (5ms)
			BackupInstance (0ms)
			ReleaseScriptingObjects (0ms)
			CreateAndSetChildDomain (35ms)
		EndReloadAssembly (637ms)
			LoadAssemblies (72ms)
			RebuildTransferFunctionScriptingTraits (0ms)
			SetupTypeCache (208ms)
			ReleaseScriptCaches (1ms)
			RebuildScriptCaches (35ms)
			SetupLoadedEditorAssemblies (287ms)
				LogAssemblyErrors (0ms)
				InitializePlatformSupportModulesInManaged (20ms)
				SetLoadedEditorAssemblies (0ms)
				RefreshPlugins (1ms)
				BeforeProcessingInitializeOnLoad (70ms)
				ProcessInitializeOnLoadAttributes (171ms)
				ProcessInitializeOnLoadMethodAttributes (19ms)
				AfterProcessingInitializeOnLoad (6ms)
				EditorAssembliesLoaded (0ms)
			ExecutionOrderSort2 (0ms)
			AwakeInstancesAfterBackupRestoration (5ms)
Platform modules already initialized, skipping
Refreshing native plugins compatible for Editor in 1.37 ms, found 3 plugins.
Preloading 0 native plugins for Editor in 0.00 ms.
Unloading 3371 Unused Serialized files (Serialized files now loaded: 0)
Unloading 33 unused Assets / (0.7 MB). Loaded Objects now: 3843.
Memory consumption went from 122.2 MB to 121.4 MB.
Total: 2.574200 ms (FindLiveObjects: 0.198300 ms CreateObjectMapping: 0.064100 ms MarkObjects: 2.040700 ms  DeleteObjects: 0.270800 ms)

AssetImportParameters requested are different than current active one (requested -> active):
  custom:video-decoder-ogg-theora: a1e56fd34408186e4bbccfd4996cb3dc -> 
  custom:container-muxer-webm: aa71ff27fc2769a1b78a27578f13a17b -> 
  custom:container-demuxer-webm: 4f35f7cbe854078d1ac9338744f61a02 -> 
  custom:video-encoder-webm-vp8: eb34c28f22e8b96e1ab97ce403110664 -> 
  custom:audio-encoder-webm-vorbis: bf7c407c2cedff20999df2af8eb42d56 -> 
  custom:framework-win-MediaFoundation: 216162199b28c13a410421893ffa2e32 -> 
  custom:container-demuxer-ogg: 62fdf1f143b41e24485cea50d1cbac27 -> 
  custom:video-decoder-webm-vp8: 9c59270c3fd7afecdb556c50c9e8de78 -> 
  custom:audio-decoder-ogg-vorbis: bf7c407c2cedff20999df2af8eb42d56 -> 
========================================================================
Received Prepare
Registering precompiled user dll's ...
Registered in 0.004158 seconds.
Begin MonoManager ReloadAssembly
Symbol file LoadedFromMemory doesn't match image E:\Github\Programming-Theory-Project\Programming Theory Project\Library\PackageCache\com.unity.visualscripting@1.7.8\Editor\VisualScripting.Core\Dependencies\YamlDotNet\Unity.VisualScripting.YamlDotNet.dll
Symbol file LoadedFromMemory doesn't match image E:\Github\Programming-Theory-Project\Programming Theory Project\Library\PackageCache\com.unity.visualscripting@1.7.8\Editor\VisualScripting.Core\Dependencies\DotNetZip\Unity.VisualScripting.IonicZip.dll
Native extension for UWP target not found
Native extension for WindowsStandalone target not found
Native extension for Android target not found
Native extension for WebGL target not found
Refreshing native plugins compatible for Editor in 0.67 ms, found 3 plugins.
Preloading 0 native plugins for Editor in 0.00 ms.
Mono: successfully reloaded assembly
- Completed reload, in  0.852 seconds
Domain Reload Profiling:
	ReloadAssembly (853ms)
		BeginReloadAssembly (120ms)
			ExecutionOrderSort (0ms)
			DisableScriptedObjects (5ms)
			BackupInstance (0ms)
			ReleaseScriptingObjects (0ms)
			CreateAndSetChildDomain (30ms)
		EndReloadAssembly (649ms)
			LoadAssemblies (61ms)
			RebuildTransferFunctionScriptingTraits (0ms)
			SetupTypeCache (203ms)
			ReleaseScriptCaches (1ms)
			RebuildScriptCaches (38ms)
			SetupLoadedEditorAssemblies (301ms)
				LogAssemblyErrors (0ms)
				InitializePlatformSupportModulesInManaged (22ms)
				SetLoadedEditorAssemblies (0ms)
				RefreshPlugins (1ms)
				BeforeProcessingInitializeOnLoad (76ms)
				ProcessInitializeOnLoadAttributes (173ms)
				ProcessInitializeOnLoadMethodAttributes (20ms)
				AfterProcessingInitializeOnLoad (7ms)
				EditorAssembliesLoaded (0ms)
			ExecutionOrderSort2 (0ms)
			AwakeInstancesAfterBackupRestoration (5ms)
Platform modules already initialized, skipping
Refreshing native plugins compatible for Editor in 1.75 ms, found 3 plugins.
Preloading 0 native plugins for Editor in 0.00 ms.
Unloading 3371 Unused Serialized files (Serialized files now loaded: 0)
Unloading 33 unused Assets / (0.7 MB). Loaded Objects now: 3846.
Memory consumption went from 122.2 MB to 121.5 MB.
Total: 2.578300 ms (FindLiveObjects: 0.215200 ms CreateObjectMapping: 0.066400 ms MarkObjects: 1.995700 ms  DeleteObjects: 0.300400 ms)

AssetImportParameters requested are different than current active one (requested -> active):
  custom:video-decoder-ogg-theora: a1e56fd34408186e4bbccfd4996cb3dc -> 
  custom:container-muxer-webm: aa71ff27fc2769a1b78a27578f13a17b -> 
  custom:container-demuxer-webm: 4f35f7cbe854078d1ac9338744f61a02 -> 
  custom:video-encoder-webm-vp8: eb34c28f22e8b96e1ab97ce403110664 -> 
  custom:audio-encoder-webm-vorbis: bf7c407c2cedff20999df2af8eb42d56 -> 
  custom:framework-win-MediaFoundation: 216162199b28c13a410421893ffa2e32 -> 
  custom:container-demuxer-ogg: 62fdf1f143b41e24485cea50d1cbac27 -> 
  custom:video-decoder-webm-vp8: 9c59270c3fd7afecdb556c50c9e8de78 -> 
  custom:audio-decoder-ogg-vorbis: bf7c407c2cedff20999df2af8eb42d56 -> 
========================================================================
Received Prepare
Registering precompiled user dll's ...
Registered in 0.003559 seconds.
Begin MonoManager ReloadAssembly
Symbol file LoadedFromMemory doesn't match image E:\Github\Programming-Theory-Project\Programming Theory Project\Library\PackageCache\com.unity.visualscripting@1.7.8\Editor\VisualScripting.Core\Dependencies\YamlDotNet\Unity.VisualScripting.YamlDotNet.dll
Symbol file LoadedFromMemory doesn't match image E:\Github\Programming-Theory-Project\Programming Theory Project\Library\PackageCache\com.unity.visualscripting@1.7.8\Editor\VisualScripting.Core\Dependencies\DotNetZip\Unity.VisualScripting.IonicZip.dll
Native extension for UWP target not found
Native extension for WindowsStandalone target not found
Native extension for Android target not found
Native extension for WebGL target not found
Refreshing native plugins compatible for Editor in 0.66 ms, found 3 plugins.
Preloading 0 native plugins for Editor in 0.00 ms.
Mono: successfully reloaded assembly
- Completed reload, in  0.862 seconds
Domain Reload Profiling:
	ReloadAssembly (863ms)
		BeginReloadAssembly (112ms)
			ExecutionOrderSort (0ms)
			DisableScriptedObjects (5ms)
			BackupInstance (0ms)
			ReleaseScriptingObjects (0ms)
			CreateAndSetChildDomain (30ms)
		EndReloadAssembly (672ms)
			LoadAssemblies (68ms)
			RebuildTransferFunctionScriptingTraits (0ms)
			SetupTypeCache (213ms)
			ReleaseScriptCaches (1ms)
			RebuildScriptCaches (39ms)
			SetupLoadedEditorAssemblies (317ms)
				LogAssemblyErrors (0ms)
				InitializePlatformSupportModulesInManaged (21ms)
				SetLoadedEditorAssemblies (0ms)
				RefreshPlugins (1ms)
				BeforeProcessingInitializeOnLoad (94ms)
				ProcessInitializeOnLoadAttributes (173ms)
				ProcessInitializeOnLoadMethodAttributes (20ms)
				AfterProcessingInitializeOnLoad (8ms)
				EditorAssembliesLoaded (0ms)
			ExecutionOrderSort2 (0ms)
			AwakeInstancesAfterBackupRestoration (5ms)
Platform modules already initialized, skipping
Refreshing native plugins compatible for Editor in 1.55 ms, found 3 plugins.
Preloading 0 native plugins for Editor in 0.00 ms.
Unloading 3371 Unused Serialized files (Serialized files now loaded: 0)
Unloading 33 unused Assets / (0.7 MB). Loaded Objects now: 3849.
Memory consumption went from 122.1 MB to 121.4 MB.
Total: 2.721300 ms (FindLiveObjects: 0.215600 ms CreateObjectMapping: 0.063700 ms MarkObjects: 2.120600 ms  DeleteObjects: 0.320700 ms)

AssetImportParameters requested are different than current active one (requested -> active):
  custom:video-decoder-ogg-theora: a1e56fd34408186e4bbccfd4996cb3dc -> 
  custom:container-muxer-webm: aa71ff27fc2769a1b78a27578f13a17b -> 
  custom:container-demuxer-webm: 4f35f7cbe854078d1ac9338744f61a02 -> 
  custom:video-encoder-webm-vp8: eb34c28f22e8b96e1ab97ce403110664 -> 
  custom:audio-encoder-webm-vorbis: bf7c407c2cedff20999df2af8eb42d56 -> 
  custom:framework-win-MediaFoundation: 216162199b28c13a410421893ffa2e32 -> 
  custom:container-demuxer-ogg: 62fdf1f143b41e24485cea50d1cbac27 -> 
  custom:video-decoder-webm-vp8: 9c59270c3fd7afecdb556c50c9e8de78 -> 
  custom:audio-decoder-ogg-vorbis: bf7c407c2cedff20999df2af8eb42d56 -> 
========================================================================
Received Import Request.
  Time since last request: 467.414844 seconds.
  path: Assets/Scenes/Start_Scene.unity
  artifactKey: Guid(9a2902235d243ba41906c3d4416c7dd6) Importer(815301076,1909f56bfc062723c751e8b465ee728b)
Start importing Assets/Scenes/Start_Scene.unity using Guid(9a2902235d243ba41906c3d4416c7dd6) Importer(815301076,1909f56bfc062723c751e8b465ee728b)  -> (artifact id: '2ce8cf456d43ed880dc914710cddc538') in 0.005376 seconds 
========================================================================
Received Import Request.
  Time since last request: 2124.239148 seconds.
  path: Assets/TextMesh Pro/Fonts/LiberationSans.ttf
  artifactKey: Guid(e3265ab4bf004d28a9537516768c1c75) Importer(815301076,1909f56bfc062723c751e8b465ee728b)
Start importing Assets/TextMesh Pro/Fonts/LiberationSans.ttf using Guid(e3265ab4bf004d28a9537516768c1c75) Importer(815301076,1909f56bfc062723c751e8b465ee728b)  -> (artifact id: 'f3bd036785823e2281556a384dd6489b') in 0.111010 seconds 
========================================================================
Received Import Request.
  Time since last request: 0.000017 seconds.
  path: Assets/TextMesh Pro/Resources/Fonts & Materials/LiberationSans SDF - Outline.mat
  artifactKey: Guid(79459efec17a4d00a321bdcc27bbc385) Importer(815301076,1909f56bfc062723c751e8b465ee728b)
Start importing Assets/TextMesh Pro/Resources/Fonts & Materials/LiberationSans SDF - Outline.mat using Guid(79459efec17a4d00a321bdcc27bbc385) Importer(815301076,1909f56bfc062723c751e8b465ee728b)  -> (artifact id: 'cb6b02fb6cea68b4891fafdcd07abcb5') in 0.063857 seconds 
========================================================================
Received Import Request.
  Time since last request: 0.000011 seconds.
  path: Assets/TextMesh Pro/Resources/Fonts & Materials/LiberationSans SDF.asset
  artifactKey: Guid(8f586378b4e144a9851e7b34d9b748ee) Importer(815301076,1909f56bfc062723c751e8b465ee728b)
Start importing Assets/TextMesh Pro/Resources/Fonts & Materials/LiberationSans SDF.asset using Guid(8f586378b4e144a9851e7b34d9b748ee) Importer(815301076,1909f56bfc062723c751e8b465ee728b)  -> (artifact id: 'ca514a4c47583664d6e40532551aeb1a') in 0.050202 seconds 
========================================================================
Received Prepare
Registering precompiled user dll's ...
Registered in 0.007312 seconds.
Begin MonoManager ReloadAssembly
Symbol file LoadedFromMemory doesn't match image E:\Github\Programming-Theory-Project\Programming Theory Project\Library\PackageCache\com.unity.visualscripting@1.7.8\Editor\VisualScripting.Core\Dependencies\YamlDotNet\Unity.VisualScripting.YamlDotNet.dll
Symbol file LoadedFromMemory doesn't match image E:\Github\Programming-Theory-Project\Programming Theory Project\Library\PackageCache\com.unity.visualscripting@1.7.8\Editor\VisualScripting.Core\Dependencies\DotNetZip\Unity.VisualScripting.IonicZip.dll
Native extension for UWP target not found
Native extension for WindowsStandalone target not found
Native extension for Android target not found
Native extension for WebGL target not found
Refreshing native plugins compatible for Editor in 0.66 ms, found 3 plugins.
Preloading 0 native plugins for Editor in 0.00 ms.
Mono: successfully reloaded assembly
- Completed reload, in  0.948 seconds
Domain Reload Profiling:
	ReloadAssembly (949ms)
		BeginReloadAssembly (187ms)
			ExecutionOrderSort (0ms)
			DisableScriptedObjects (6ms)
			BackupInstance (0ms)
			ReleaseScriptingObjects (0ms)
			CreateAndSetChildDomain (77ms)
		EndReloadAssembly (677ms)
			LoadAssemblies (83ms)
			RebuildTransferFunctionScriptingTraits (0ms)
			SetupTypeCache (233ms)
			ReleaseScriptCaches (1ms)
			RebuildScriptCaches (37ms)
			SetupLoadedEditorAssemblies (298ms)
				LogAssemblyErrors (0ms)
				InitializePlatformSupportModulesInManaged (21ms)
				SetLoadedEditorAssemblies (0ms)
				RefreshPlugins (1ms)
				BeforeProcessingInitializeOnLoad (72ms)
				ProcessInitializeOnLoadAttributes (178ms)
				ProcessInitializeOnLoadMethodAttributes (20ms)
				AfterProcessingInitializeOnLoad (6ms)
				EditorAssembliesLoaded (0ms)
			ExecutionOrderSort2 (0ms)
			AwakeInstancesAfterBackupRestoration (5ms)
Platform modules already initialized, skipping
Refreshing native plugins compatible for Editor in 1.48 ms, found 3 plugins.
Preloading 0 native plugins for Editor in 0.00 ms.
Unloading 3371 Unused Serialized files (Serialized files now loaded: 0)
Unloading 32 unused Assets / (0.7 MB). Loaded Objects now: 3899.
Memory consumption went from 126.9 MB to 126.2 MB.
Total: 3.334600 ms (FindLiveObjects: 0.213200 ms CreateObjectMapping: 0.063800 ms MarkObjects: 2.773400 ms  DeleteObjects: 0.283700 ms)

AssetImportParameters requested are different than current active one (requested -> active):
  custom:video-decoder-ogg-theora: a1e56fd34408186e4bbccfd4996cb3dc -> 
  custom:container-muxer-webm: aa71ff27fc2769a1b78a27578f13a17b -> 
  custom:container-demuxer-webm: 4f35f7cbe854078d1ac9338744f61a02 -> 
  custom:video-encoder-webm-vp8: eb34c28f22e8b96e1ab97ce403110664 -> 
  custom:audio-encoder-webm-vorbis: bf7c407c2cedff20999df2af8eb42d56 -> 
  custom:framework-win-MediaFoundation: 216162199b28c13a410421893ffa2e32 -> 
  custom:container-demuxer-ogg: 62fdf1f143b41e24485cea50d1cbac27 -> 
  custom:video-decoder-webm-vp8: 9c59270c3fd7afecdb556c50c9e8de78 -> 
  custom:audio-decoder-ogg-vorbis: bf7c407c2cedff20999df2af8eb42d56 -> 
========================================================================
Received Import Request.
  Time since last request: 592.680109 seconds.
  path: Assets/Flat Textures Pack/Materials/Cave_Cracks.mat
  artifactKey: Guid(7f61e96487dd8084480def67ee56f766) Importer(815301076,1909f56bfc062723c751e8b465ee728b)
Start importing Assets/Flat Textures Pack/Materials/Cave_Cracks.mat using Guid(7f61e96487dd8084480def67ee56f766) Importer(815301076,1909f56bfc062723c751e8b465ee728b)  -> (artifact id: 'fc54b87a43283bfe19ccb60c19a9fc0c') in 0.113607 seconds 
========================================================================
Received Import Request.
  Time since last request: 0.000015 seconds.
  path: Assets/Flat Textures Pack/Materials/Desert_Sand_A.mat
  artifactKey: Guid(f112b988042d5844d86a06f124d4ea41) Importer(815301076,1909f56bfc062723c751e8b465ee728b)
Start importing Assets/Flat Textures Pack/Materials/Desert_Sand_A.mat using Guid(f112b988042d5844d86a06f124d4ea41) Importer(815301076,1909f56bfc062723c751e8b465ee728b)  -> (artifact id: '95748e056457eb66d62d962ca96667d6') in 0.013186 seconds 
========================================================================
Received Import Request.
  Time since last request: 0.000024 seconds.
  path: Assets/Flat Textures Pack/Materials/Winter_Spores.mat
  artifactKey: Guid(b212d6d3e65f24a41a49b9361880e85f) Importer(815301076,1909f56bfc062723c751e8b465ee728b)
Start importing Assets/Flat Textures Pack/Materials/Winter_Spores.mat using Guid(b212d6d3e65f24a41a49b9361880e85f) Importer(815301076,1909f56bfc062723c751e8b465ee728b)  -> (artifact id: '7e0139a299eb63a4f4d92859c28d4db2') in 0.016159 seconds 
========================================================================
Received Import Request.
  Time since last request: 0.000020 seconds.
  path: Assets/Flat Textures Pack/Materials/Winter_Cracked_Ice_C.mat
  artifactKey: Guid(78377f0d38e131048b6ba2db0b0d5690) Importer(815301076,1909f56bfc062723c751e8b465ee728b)
Start importing Assets/Flat Textures Pack/Materials/Winter_Cracked_Ice_C.mat using Guid(78377f0d38e131048b6ba2db0b0d5690) Importer(815301076,1909f56bfc062723c751e8b465ee728b)  -> (artifact id: '9fda5f1b0bfbf3e2a5b39c2908174c8b') in 0.015432 seconds 
========================================================================
Received Import Request.
  Time since last request: 0.000019 seconds.
  path: Assets/Flat Textures Pack/Materials/Summer_CrackedRock.mat
  artifactKey: Guid(ed77080e081fcf6498c2325430f2191f) Importer(815301076,1909f56bfc062723c751e8b465ee728b)
Start importing Assets/Flat Textures Pack/Materials/Summer_CrackedRock.mat using Guid(ed77080e081fcf6498c2325430f2191f) Importer(815301076,1909f56bfc062723c751e8b465ee728b)  -> (artifact id: '6afc5448efd9959fc7f5eaae884adee5') in 0.015702 seconds 
========================================================================
Received Import Request.
  Time since last request: 0.000020 seconds.
  path: Assets/Flat Textures Pack/Materials/Cave_Magma_B.mat
  artifactKey: Guid(f70d582ac8795e94fbba81f1bda57848) Importer(815301076,1909f56bfc062723c751e8b465ee728b)
Start importing Assets/Flat Textures Pack/Materials/Cave_Magma_B.mat using Guid(f70d582ac8795e94fbba81f1bda57848) Importer(815301076,1909f56bfc062723c751e8b465ee728b)  -> (artifact id: 'b33e7bf8b59c1530a5ae2ea9c9958770') in 0.014282 seconds 
========================================================================
Received Import Request.
  Time since last request: 0.000017 seconds.
  path: Assets/Flat Textures Pack/Materials/Cave_GoldenPebbles.mat
  artifactKey: Guid(a63a8692330ab5f4dbb2761bf7924361) Importer(815301076,1909f56bfc062723c751e8b465ee728b)
Start importing Assets/Flat Textures Pack/Materials/Cave_GoldenPebbles.mat using Guid(a63a8692330ab5f4dbb2761bf7924361) Importer(815301076,1909f56bfc062723c751e8b465ee728b)  -> (artifact id: '1d20e65d384aaec57d2cc146bd4d3ca4') in 0.013023 seconds 
========================================================================
Received Import Request.
  Time since last request: 0.000016 seconds.
  path: Assets/Flat Textures Pack/Materials/Winter_Flower.mat
  artifactKey: Guid(539f75970f8b10e43ace7f872679d0b2) Importer(815301076,1909f56bfc062723c751e8b465ee728b)
Start importing Assets/Flat Textures Pack/Materials/Winter_Flower.mat using Guid(539f75970f8b10e43ace7f872679d0b2) Importer(815301076,1909f56bfc062723c751e8b465ee728b)  -> (artifact id: '3591a034ba3516498aac64fdef46025e') in 0.012733 seconds 
========================================================================
Received Import Request.
  Time since last request: 0.000017 seconds.
  path: Assets/Flat Textures Pack/Materials/Desert_Cliff.mat
  artifactKey: Guid(759f0740a4cb77047931846c47ae6924) Importer(815301076,1909f56bfc062723c751e8b465ee728b)
Start importing Assets/Flat Textures Pack/Materials/Desert_Cliff.mat using Guid(759f0740a4cb77047931846c47ae6924) Importer(815301076,1909f56bfc062723c751e8b465ee728b)  -> (artifact id: '10c32215d624c5629d2c77f668d3ec59') in 0.012590 seconds 
========================================================================
Received Import Request.
  Time since last request: 0.000022 seconds.
  path: Assets/Flat Textures Pack/Materials/Cave_Spores.mat
  artifactKey: Guid(364df4398afe01c4cbbe3bc100bcfcde) Importer(815301076,1909f56bfc062723c751e8b465ee728b)
Start importing Assets/Flat Textures Pack/Materials/Cave_Spores.mat using Guid(364df4398afe01c4cbbe3bc100bcfcde) Importer(815301076,1909f56bfc062723c751e8b465ee728b)  -> (artifact id: '369242f23c6f083bc427fd3bbb11ceb2') in 0.014436 seconds 
========================================================================
Received Import Request.
  Time since last request: 0.000022 seconds.
  path: Assets/Flat Textures Pack/Materials/Summer_Wall.mat
  artifactKey: Guid(0acfe541cc046384d9e49c053de97ffb) Importer(815301076,1909f56bfc062723c751e8b465ee728b)
Start importing Assets/Flat Textures Pack/Materials/Summer_Wall.mat using Guid(0acfe541cc046384d9e49c053de97ffb) Importer(815301076,1909f56bfc062723c751e8b465ee728b)  -> (artifact id: 'e4d20058ad866c8349149b81a71ef454') in 0.014800 seconds 
========================================================================
Received Import Request.
  Time since last request: 0.000017 seconds.
  path: Assets/Flat Textures Pack/Materials/Summer_Rocks.mat
  artifactKey: Guid(b448f0b66ddeb424097cf4c3aede85fd) Importer(815301076,1909f56bfc062723c751e8b465ee728b)
Start importing Assets/Flat Textures Pack/Materials/Summer_Rocks.mat using Guid(b448f0b66ddeb424097cf4c3aede85fd) Importer(815301076,1909f56bfc062723c751e8b465ee728b)  -> (artifact id: 'f13c144252c7da54f931ca8764eff1b1') in 0.012204 seconds 
========================================================================
Received Import Request.
  Time since last request: 0.000016 seconds.
  path: Assets/Flat Textures Pack/Materials/Winter_Hardsnow.mat
  artifactKey: Guid(447272d5916c0734a876cfbe785794c3) Importer(815301076,1909f56bfc062723c751e8b465ee728b)
Start importing Assets/Flat Textures Pack/Materials/Winter_Hardsnow.mat using Guid(447272d5916c0734a876cfbe785794c3) Importer(815301076,1909f56bfc062723c751e8b465ee728b)  -> (artifact id: 'b476a159b9c4eb089ca15cd00bdfc084') in 0.013311 seconds 
========================================================================
Received Import Request.
  Time since last request: 0.000018 seconds.
  path: Assets/Flat Textures Pack/Materials/Winter_Wall.mat
  artifactKey: Guid(225f4cc257a1e38498996437dc0c3f50) Importer(815301076,1909f56bfc062723c751e8b465ee728b)
Start importing Assets/Flat Textures Pack/Materials/Winter_Wall.mat using Guid(225f4cc257a1e38498996437dc0c3f50) Importer(815301076,1909f56bfc062723c751e8b465ee728b)  -> (artifact id: 'b00b8845bf1e53d5a02b9e5035d20577') in 0.012413 seconds 
========================================================================
Received Import Request.
  Time since last request: 0.000017 seconds.
  path: Assets/Flat Textures Pack/Materials/Winter_ChunkyIce.mat
  artifactKey: Guid(5f0995ce430fd1745a585b6cfe9c2ca9) Importer(815301076,1909f56bfc062723c751e8b465ee728b)
Start importing Assets/Flat Textures Pack/Materials/Winter_ChunkyIce.mat using Guid(5f0995ce430fd1745a585b6cfe9c2ca9) Importer(815301076,1909f56bfc062723c751e8b465ee728b)  -> (artifact id: '976f4e89080c6e368659ab36f1f8f602') in 0.012892 seconds 
========================================================================
Received Import Request.
  Time since last request: 0.000025 seconds.
  path: Assets/Flat Textures Pack/Materials/Water_D.mat
  artifactKey: Guid(3584c50ec7d45f348a5aa57d24bb5737) Importer(815301076,1909f56bfc062723c751e8b465ee728b)
Start importing Assets/Flat Textures Pack/Materials/Water_D.mat using Guid(3584c50ec7d45f348a5aa57d24bb5737) Importer(815301076,1909f56bfc062723c751e8b465ee728b)  -> (artifact id: '1d41331de90d6afd32ee1c1031663347') in 0.015271 seconds 
========================================================================
Received Import Request.
  Time since last request: 0.000016 seconds.
  path: Assets/Flat Textures Pack/Materials/Desert_Sand_B.mat
  artifactKey: Guid(e00ca62ae67139f41b7cf3c04f00fb88) Importer(815301076,1909f56bfc062723c751e8b465ee728b)
Start importing Assets/Flat Textures Pack/Materials/Desert_Sand_B.mat using Guid(e00ca62ae67139f41b7cf3c04f00fb88) Importer(815301076,1909f56bfc062723c751e8b465ee728b)  -> (artifact id: '50db03818cacfe83a62c08eefe8fcdbe') in 0.012590 seconds 
========================================================================
Received Import Request.
  Time since last request: 0.000015 seconds.
  path: Assets/Flat Textures Pack/Materials/Desert_Bushes.mat
  artifactKey: Guid(a08dad81b78f42e489c9703efc2c1fb0) Importer(815301076,1909f56bfc062723c751e8b465ee728b)
Start importing Assets/Flat Textures Pack/Materials/Desert_Bushes.mat using Guid(a08dad81b78f42e489c9703efc2c1fb0) Importer(815301076,1909f56bfc062723c751e8b465ee728b)  -> (artifact id: '1ee0bfa5833c9578f872b941ea9c72f2') in 0.013025 seconds 
========================================================================
Received Import Request.
  Time since last request: 0.000017 seconds.
  path: Assets/Flat Textures Pack/Materials/Water_C.mat
  artifactKey: Guid(aca82f8a42433894199632974fbd0681) Importer(815301076,1909f56bfc062723c751e8b465ee728b)
Start importing Assets/Flat Textures Pack/Materials/Water_C.mat using Guid(aca82f8a42433894199632974fbd0681) Importer(815301076,1909f56bfc062723c751e8b465ee728b)  -> (artifact id: 'c44d69df832769110a218de44e035582') in 0.013007 seconds 
========================================================================
Received Import Request.
  Time since last request: 0.000019 seconds.
  path: Assets/Flat Textures Pack/Materials/Cave_Poison.mat
  artifactKey: Guid(8c2a02727fd639347bf1e97df0a962b1) Importer(815301076,1909f56bfc062723c751e8b465ee728b)
Start importing Assets/Flat Textures Pack/Materials/Cave_Poison.mat using Guid(8c2a02727fd639347bf1e97df0a962b1) Importer(815301076,1909f56bfc062723c751e8b465ee728b)  -> (artifact id: '7114f58af1b16014ca306f5c12ee014a') in 0.015598 seconds 
========================================================================
Received Import Request.
  Time since last request: 0.000014 seconds.
  path: Assets/Flat Textures Pack/Materials/Cave_FireGround.mat
  artifactKey: Guid(058595cb07ad23946a0a151be620489b) Importer(815301076,1909f56bfc062723c751e8b465ee728b)
Start importing Assets/Flat Textures Pack/Materials/Cave_FireGround.mat using Guid(058595cb07ad23946a0a151be620489b) Importer(815301076,1909f56bfc062723c751e8b465ee728b)  -> (artifact id: '7a033a91184104edbae2e494cc1e5e98') in 0.017551 seconds 
========================================================================
Received Import Request.
  Time since last request: 0.000020 seconds.
  path: Assets/Flat Textures Pack/Materials/Summer_Moss.mat
  artifactKey: Guid(ee8af93f6543af1418cb59d1c38e78be) Importer(815301076,1909f56bfc062723c751e8b465ee728b)
Start importing Assets/Flat Textures Pack/Materials/Summer_Moss.mat using Guid(ee8af93f6543af1418cb59d1c38e78be) Importer(815301076,1909f56bfc062723c751e8b465ee728b)  -> (artifact id: '2ea51e2b442e3bf00dfd36c1bce65c3f') in 0.021285 seconds 
========================================================================
Received Import Request.
  Time since last request: 0.000019 seconds.
  path: Assets/Flat Textures Pack/Materials/Summer_Dirt_A.mat
  artifactKey: Guid(865b305109e555749a4c8609b545998d) Importer(815301076,1909f56bfc062723c751e8b465ee728b)
Start importing Assets/Flat Textures Pack/Materials/Summer_Dirt_A.mat using Guid(865b305109e555749a4c8609b545998d) Importer(815301076,1909f56bfc062723c751e8b465ee728b)  -> (artifact id: '491b0e97a81cba058d66216422af7d9d') in 0.020508 seconds 
========================================================================
Received Import Request.
  Time since last request: 0.000019 seconds.
  path: Assets/Flat Textures Pack/Materials/Summer_Mud_B.mat
  artifactKey: Guid(b4ce1486c4e3c83408feacc4d7497b0c) Importer(815301076,1909f56bfc062723c751e8b465ee728b)
Start importing Assets/Flat Textures Pack/Materials/Summer_Mud_B.mat using Guid(b4ce1486c4e3c83408feacc4d7497b0c) Importer(815301076,1909f56bfc062723c751e8b465ee728b)  -> (artifact id: '209d3ddd9bf365606adc68e93f1cb3d0') in 0.018942 seconds 
========================================================================
Received Import Request.
  Time since last request: 0.000018 seconds.
  path: Assets/Flat Textures Pack/Materials/Winter_Ice_Cracked_A.mat
  artifactKey: Guid(261ce03210dba03488d4c264cc8d0528) Importer(815301076,1909f56bfc062723c751e8b465ee728b)
Start importing Assets/Flat Textures Pack/Materials/Winter_Ice_Cracked_A.mat using Guid(261ce03210dba03488d4c264cc8d0528) Importer(815301076,1909f56bfc062723c751e8b465ee728b)  -> (artifact id: '41a64acf4a76eb1e06014229f56db42c') in 0.013267 seconds 
========================================================================
Received Import Request.
  Time since last request: 0.379810 seconds.
  path: Assets/Flat Textures Pack/Textures/Cave_Cracks.png
  artifactKey: Guid(a2cd67599aa6c4749a6d6dae988081e1) Importer(815301076,1909f56bfc062723c751e8b465ee728b)
Start importing Assets/Flat Textures Pack/Textures/Cave_Cracks.png using Guid(a2cd67599aa6c4749a6d6dae988081e1) Importer(815301076,1909f56bfc062723c751e8b465ee728b)  -> (artifact id: '803386f092577c176f02486070e81334') in 0.040395 seconds 
========================================================================
Received Import Request.
  Time since last request: 0.000019 seconds.
  path: Assets/Flat Textures Pack/Textures/Winter_Cracked_Ice_C.png
  artifactKey: Guid(ac9df218827ab504e93d6862617b2de7) Importer(815301076,1909f56bfc062723c751e8b465ee728b)
Start importing Assets/Flat Textures Pack/Textures/Winter_Cracked_Ice_C.png using Guid(ac9df218827ab504e93d6862617b2de7) Importer(815301076,1909f56bfc062723c751e8b465ee728b)  -> (artifact id: '0b09dbb68d3358903eb55775082dc718') in 0.010194 seconds 
========================================================================
Received Import Request.
  Time since last request: 0.000023 seconds.
  path: Assets/Flat Textures Pack/Textures/Desert_Bushes.png
  artifactKey: Guid(374f043a3f99333449e20804007556c2) Importer(815301076,1909f56bfc062723c751e8b465ee728b)
Start importing Assets/Flat Textures Pack/Textures/Desert_Bushes.png using Guid(374f043a3f99333449e20804007556c2) Importer(815301076,1909f56bfc062723c751e8b465ee728b)  -> (artifact id: 'cd26e1d4f039ae0c3fecac5f83348fb5') in 0.008948 seconds 
========================================================================
Received Import Request.
  Time since last request: 0.000014 seconds.
  path: Assets/Flat Textures Pack/Textures/Summer_RiverPebbles.png
  artifactKey: Guid(0850fbb36b5346249a2687f29aa97e58) Importer(815301076,1909f56bfc062723c751e8b465ee728b)
Start importing Assets/Flat Textures Pack/Textures/Summer_RiverPebbles.png using Guid(0850fbb36b5346249a2687f29aa97e58) Importer(815301076,1909f56bfc062723c751e8b465ee728b)  -> (artifact id: 'b52df14e95f763a08c394b6b1bad8253') in 0.011494 seconds 
========================================================================
Received Import Request.
  Time since last request: 0.000017 seconds.
  path: Assets/Flat Textures Pack/Textures/Summer_CrackedRock.png
  artifactKey: Guid(29b952018edebb44ca66eeedaa2411c7) Importer(815301076,1909f56bfc062723c751e8b465ee728b)
Start importing Assets/Flat Textures Pack/Textures/Summer_CrackedRock.png using Guid(29b952018edebb44ca66eeedaa2411c7) Importer(815301076,1909f56bfc062723c751e8b465ee728b)  -> (artifact id: 'af684cb7b2f8eea24d949599b8587a4a') in 0.008464 seconds 
========================================================================
Received Import Request.
  Time since last request: 0.000016 seconds.
  path: Assets/Flat Textures Pack/Textures/Winter_Snow_B.png
  artifactKey: Guid(1a96f8a365e354b408b073050647357f) Importer(815301076,1909f56bfc062723c751e8b465ee728b)
Start importing Assets/Flat Textures Pack/Textures/Winter_Snow_B.png using Guid(1a96f8a365e354b408b073050647357f) Importer(815301076,1909f56bfc062723c751e8b465ee728b)  -> (artifact id: '87a545917e48fd96214f747f3f15f00a') in 0.008423 seconds 
========================================================================
Received Import Request.
  Time since last request: 0.000016 seconds.
  path: Assets/Flat Textures Pack/Textures/Cave_FireGround.png
  artifactKey: Guid(2c3a68b4404445e44bff84d1bb91c1f5) Importer(815301076,1909f56bfc062723c751e8b465ee728b)
Start importing Assets/Flat Textures Pack/Textures/Cave_FireGround.png using Guid(2c3a68b4404445e44bff84d1bb91c1f5) Importer(815301076,1909f56bfc062723c751e8b465ee728b)  -> (artifact id: 'c7c04fbf9c95294a2edbb4d91888b189') in 0.008390 seconds 
========================================================================
Received Import Request.
  Time since last request: 0.000015 seconds.
  path: Assets/Flat Textures Pack/Textures/Cave_Spores.png
  artifactKey: Guid(9289c7337ada4bc45959b4ff82b1b784) Importer(815301076,1909f56bfc062723c751e8b465ee728b)
Start importing Assets/Flat Textures Pack/Textures/Cave_Spores.png using Guid(9289c7337ada4bc45959b4ff82b1b784) Importer(815301076,1909f56bfc062723c751e8b465ee728b)  -> (artifact id: 'e5bbf9a9d730a05d81e5592ffb2e4281') in 0.008709 seconds 
========================================================================
Received Import Request.
  Time since last request: 0.000017 seconds.
  path: Assets/Flat Textures Pack/Textures/Summer_Roots.png
  artifactKey: Guid(9160bb514caa5e641a0fc34cd91ce0f9) Importer(815301076,1909f56bfc062723c751e8b465ee728b)
Start importing Assets/Flat Textures Pack/Textures/Summer_Roots.png using Guid(9160bb514caa5e641a0fc34cd91ce0f9) Importer(815301076,1909f56bfc062723c751e8b465ee728b)  -> (artifact id: '6102fb31ff7729108bd56783f26d31ba') in 0.008655 seconds 
========================================================================
Received Import Request.
  Time since last request: 0.000015 seconds.
  path: Assets/Flat Textures Pack/Textures/Summer_Dirt_A.png
  artifactKey: Guid(14833b0b08b0a6945b0dd4f86360fe01) Importer(815301076,1909f56bfc062723c751e8b465ee728b)
Start importing Assets/Flat Textures Pack/Textures/Summer_Dirt_A.png using Guid(14833b0b08b0a6945b0dd4f86360fe01) Importer(815301076,1909f56bfc062723c751e8b465ee728b)  -> (artifact id: '6386581250b88160a8f1a9eb334ea919') in 0.008414 seconds 
========================================================================
Received Import Request.
  Time since last request: 0.000017 seconds.
  path: Assets/Flat Textures Pack/Textures/Summer_Roses.png
  artifactKey: Guid(330b1e96b6c1f3445ba9f4133e803a71) Importer(815301076,1909f56bfc062723c751e8b465ee728b)
Start importing Assets/Flat Textures Pack/Textures/Summer_Roses.png using Guid(330b1e96b6c1f3445ba9f4133e803a71) Importer(815301076,1909f56bfc062723c751e8b465ee728b)  -> (artifact id: '7d327e481ec62a91ec264643e498aede') in 0.009812 seconds 
========================================================================
Received Import Request.
  Time since last request: 0.000017 seconds.
  path: Assets/Flat Textures Pack/Textures/Winter_Bush.png
  artifactKey: Guid(3afbbf99dc4ba9847ba9e53b8942903c) Importer(815301076,1909f56bfc062723c751e8b465ee728b)
Start importing Assets/Flat Textures Pack/Textures/Winter_Bush.png using Guid(3afbbf99dc4ba9847ba9e53b8942903c) Importer(815301076,1909f56bfc062723c751e8b465ee728b)  -> (artifact id: '9fb691126ba7f16b27dce2fb5afb9d97') in 0.008214 seconds 
========================================================================
Received Import Request.
  Time since last request: 0.000018 seconds.
  path: Assets/Flat Textures Pack/Textures/Cave_Magma_B.png
  artifactKey: Guid(f3f73fae8b0080b4b8c78a03d205b2e2) Importer(815301076,1909f56bfc062723c751e8b465ee728b)
Start importing Assets/Flat Textures Pack/Textures/Cave_Magma_B.png using Guid(f3f73fae8b0080b4b8c78a03d205b2e2) Importer(815301076,1909f56bfc062723c751e8b465ee728b)  -> (artifact id: '495c570f1525415ba72eb944a82c58f0') in 0.008893 seconds 
========================================================================
Received Import Request.
  Time since last request: 0.000017 seconds.
  path: Assets/Flat Textures Pack/Textures/Desert_Tiles.png
  artifactKey: Guid(7ff4f34c25ccd794ca7398e9f4492282) Importer(815301076,1909f56bfc062723c751e8b465ee728b)
Start importing Assets/Flat Textures Pack/Textures/Desert_Tiles.png using Guid(7ff4f34c25ccd794ca7398e9f4492282) Importer(815301076,1909f56bfc062723c751e8b465ee728b)  -> (artifact id: '1c56ea22d584bb5d3aff8a6eb51ac4df') in 0.009664 seconds 
========================================================================
Received Import Request.
  Time since last request: 0.000016 seconds.
  path: Assets/Flat Textures Pack/Textures/Summer_Moss.png
  artifactKey: Guid(d625bb8b4a0335542b946bf2cb339c8a) Importer(815301076,1909f56bfc062723c751e8b465ee728b)
Start importing Assets/Flat Textures Pack/Textures/Summer_Moss.png using Guid(d625bb8b4a0335542b946bf2cb339c8a) Importer(815301076,1909f56bfc062723c751e8b465ee728b)  -> (artifact id: '60ccc0d9f7df567d0fec8a4ca8467534') in 0.010420 seconds 
========================================================================
Received Import Request.
  Time since last request: 0.000015 seconds.
  path: Assets/Flat Textures Pack/Textures/Winter_ce_Cracked_B.png
  artifactKey: Guid(aec36e83e2786ac41afbe9372e4e4067) Importer(815301076,1909f56bfc062723c751e8b465ee728b)
Start importing Assets/Flat Textures Pack/Textures/Winter_ce_Cracked_B.png using Guid(aec36e83e2786ac41afbe9372e4e4067) Importer(815301076,1909f56bfc062723c751e8b465ee728b)  -> (artifact id: 'a77be9413ce4460ab333343516c43749') in 0.007858 seconds 
========================================================================
Received Import Request.
  Time since last request: 0.000017 seconds.
  path: Assets/Flat Textures Pack/Textures/Desert_Sand.png
  artifactKey: Guid(06114477b9be4c649a45f9fc21dc00c6) Importer(815301076,1909f56bfc062723c751e8b465ee728b)
Start importing Assets/Flat Textures Pack/Textures/Desert_Sand.png using Guid(06114477b9be4c649a45f9fc21dc00c6) Importer(815301076,1909f56bfc062723c751e8b465ee728b)  -> (artifact id: '5da59472f433e32f840cdacef79e2bf0') in 0.010796 seconds 
========================================================================
Received Import Request.
  Time since last request: 0.000016 seconds.
  path: Assets/Flat Textures Pack/Textures/Desert_CracedMud.png
  artifactKey: Guid(b88cf445d47d9e541b35828d81ffce51) Importer(815301076,1909f56bfc062723c751e8b465ee728b)
Start importing Assets/Flat Textures Pack/Textures/Desert_CracedMud.png using Guid(b88cf445d47d9e541b35828d81ffce51) Importer(815301076,1909f56bfc062723c751e8b465ee728b)  -> (artifact id: 'f633117149bdae528361b7d520562d55') in 0.009622 seconds 
========================================================================
Received Import Request.
  Time since last request: 0.000017 seconds.
  path: Assets/Flat Textures Pack/Textures/Water_D.png
  artifactKey: Guid(60cabeb742477d54fbe159e9061f335d) Importer(815301076,1909f56bfc062723c751e8b465ee728b)
Start importing Assets/Flat Textures Pack/Textures/Water_D.png using Guid(60cabeb742477d54fbe159e9061f335d) Importer(815301076,1909f56bfc062723c751e8b465ee728b)  -> (artifact id: 'e5d0f491a17cf85a4ae4fde194d1c51b') in 0.010471 seconds 
========================================================================
Received Import Request.
  Time since last request: 0.000019 seconds.
  path: Assets/Flat Textures Pack/Textures/Desert_Sand_B.png
  artifactKey: Guid(970ad6b6e3accb640a4bb916a1034bd4) Importer(815301076,1909f56bfc062723c751e8b465ee728b)
Start importing Assets/Flat Textures Pack/Textures/Desert_Sand_B.png using Guid(970ad6b6e3accb640a4bb916a1034bd4) Importer(815301076,1909f56bfc062723c751e8b465ee728b)  -> (artifact id: '6e4816d909d33d861b96356688110e0e') in 0.009057 seconds 
========================================================================
Received Import Request.
  Time since last request: 0.000024 seconds.
  path: Assets/Flat Textures Pack/Textures/Water_B.png
  artifactKey: Guid(d149f4b0f0a25fa41b1eca641bda9618) Importer(815301076,1909f56bfc062723c751e8b465ee728b)
Start importing Assets/Flat Textures Pack/Textures/Water_B.png using Guid(d149f4b0f0a25fa41b1eca641bda9618) Importer(815301076,1909f56bfc062723c751e8b465ee728b)  -> (artifact id: '0c9889b3a0f5d41112c59950bccd90fd') in 0.011408 seconds 
========================================================================
Received Import Request.
  Time since last request: 0.000016 seconds.
  path: Assets/Flat Textures Pack/Textures/Cave_Magma.png
  artifactKey: Guid(d028d237290dff545b1ac2636948f0a0) Importer(815301076,1909f56bfc062723c751e8b465ee728b)
Start importing Assets/Flat Textures Pack/Textures/Cave_Magma.png using Guid(d028d237290dff545b1ac2636948f0a0) Importer(815301076,1909f56bfc062723c751e8b465ee728b)  -> (artifact id: 'c9826a047de14c556b9f517f6995544c') in 0.010537 seconds 
========================================================================
Received Import Request.
  Time since last request: 0.000017 seconds.
  path: Assets/Flat Textures Pack/Textures/Summer_Mud_A.png
  artifactKey: Guid(ccbae51c789c51e4682f749aa91ce1ab) Importer(815301076,1909f56bfc062723c751e8b465ee728b)
Start importing Assets/Flat Textures Pack/Textures/Summer_Mud_A.png using Guid(ccbae51c789c51e4682f749aa91ce1ab) Importer(815301076,1909f56bfc062723c751e8b465ee728b)  -> (artifact id: 'f55783ada67fc63f1ad5a0d4cfe63747') in 0.009598 seconds 
========================================================================
Received Import Request.
  Time since last request: 0.000016 seconds.
  path: Assets/Flat Textures Pack/Textures/Winter_Wall.png
  artifactKey: Guid(55d9b7c24bcff144192b2c1889dbc798) Importer(815301076,1909f56bfc062723c751e8b465ee728b)
Start importing Assets/Flat Textures Pack/Textures/Winter_Wall.png using Guid(55d9b7c24bcff144192b2c1889dbc798) Importer(815301076,1909f56bfc062723c751e8b465ee728b)  -> (artifact id: '123c326d29ed7be2332c9f2bbaa8507a') in 0.008696 seconds 
========================================================================
Received Import Request.
  Time since last request: 0.000016 seconds.
  path: Assets/Flat Textures Pack/Textures/Cave_Poison.png
  artifactKey: Guid(bdbfd93040393854cb6e0e0af9b8d3c5) Importer(815301076,1909f56bfc062723c751e8b465ee728b)
Start importing Assets/Flat Textures Pack/Textures/Cave_Poison.png using Guid(bdbfd93040393854cb6e0e0af9b8d3c5) Importer(815301076,1909f56bfc062723c751e8b465ee728b)  -> (artifact id: 'b3d7c5682a2ab2896e73f1c408d6fbc6') in 0.009596 seconds 
Editor requested this worker to shutdown with reason: Scaling down because of idle timeout
AssetImportWorker is now disconnected from the server
Process exiting
Exiting without the bug reporter. Application will terminate with return code 0